<?xml version="1.0" encoding="UTF-8"?>
<!-- Generated by org.testng.reporters.JUnitXMLReporter -->
<testsuite ignored="0" hostname="Shibu" failures="0" tests="8" name="Command line test" time="51.921" errors="0" timestamp="2019-11-12T10:43:45 IST">
  <testcase classname="Maven.LoginTest" name="@BeforeMethod b" time="16.74">
    <failure type="org.openqa.selenium.SessionNotCreatedException" message="session not created
from chrome not reachable
  (Session info: chrome=78.0.3904.97)
Build info: version: &amp;apos;4.0.0-alpha-3&amp;apos;, revision: &amp;apos;8c567de6dc&amp;apos;
System info: host: &amp;apos;SHIBU&amp;apos;, ip: &amp;apos;192.168.0.101&amp;apos;, os.name: &amp;apos;Windows 10&amp;apos;, os.arch: &amp;apos;amd64&amp;apos;, os.version: &amp;apos;10.0&amp;apos;, java.version: &amp;apos;13.0.1&amp;apos;
Driver info: driver.version: ChromeDriver
remote stacktrace: Backtrace:
	Ordinal0 [0x00FBEB13+1501971]
	Ordinal0 [0x00F3F6D1+980689]
	Ordinal0 [0x00EC7508+488712]
	Ordinal0 [0x00EC131A+463642]
	Ordinal0 [0x00EC19C8+465352]
	Ordinal0 [0x00EC2AA5+469669]
	Ordinal0 [0x00EBEC85+453765]
	Ordinal0 [0x00EC8330+492336]
	Ordinal0 [0x00E7A108+172296]
	Ordinal0 [0x00E7942D+169005]
	Ordinal0 [0x00E778EB+162027]
	Ordinal0 [0x00E60AC7+68295]
	Ordinal0 [0x00E61B40+72512]
	Ordinal0 [0x00E61AD9+72409]
	Ordinal0 [0x00F58F37+1085239]
	GetHandleVerifier [0x0105D7ED+503293]
	GetHandleVerifier [0x0105D580+502672]
	GetHandleVerifier [0x010646AC+531644]
	GetHandleVerifier [0x0105DFFA+505354]
	Ordinal0 [0x00F50606+1050118]
	Ordinal0 [0x00F5047F+1049727]
	Ordinal0 [0x00F5AF9B+1093531]
	Ordinal0 [0x00F5B103+1093891]
	Ordinal0 [0x00F5A095+1089685]
	BaseThreadInitThunk [0x76656359+25]
	RtlGetAppContainerNamedObjectPath [0x77DF7B74+228]
	RtlGetAppContainerNamedObjectPath [0x77DF7B44+180]
">
      <![CDATA[org.openqa.selenium.SessionNotCreatedException: session not created
from chrome not reachable
  (Session info: chrome=78.0.3904.97)
Build info: version: '4.0.0-alpha-3', revision: '8c567de6dc'
System info: host: 'SHIBU', ip: '192.168.0.101', os.name: 'Windows 10', os.arch: 'amd64', os.version: '10.0', java.version: '13.0.1'
Driver info: driver.version: ChromeDriver
remote stacktrace: Backtrace:
Ordinal0 [0x00FBEB13+1501971]
Ordinal0 [0x00F3F6D1+980689]
Ordinal0 [0x00EC7508+488712]
Ordinal0 [0x00EC131A+463642]
Ordinal0 [0x00EC19C8+465352]
Ordinal0 [0x00EC2AA5+469669]
Ordinal0 [0x00EBEC85+453765]
Ordinal0 [0x00EC8330+492336]
Ordinal0 [0x00E7A108+172296]
Ordinal0 [0x00E7942D+169005]
Ordinal0 [0x00E778EB+162027]
Ordinal0 [0x00E60AC7+68295]
Ordinal0 [0x00E61B40+72512]
Ordinal0 [0x00E61AD9+72409]
Ordinal0 [0x00F58F37+1085239]
GetHandleVerifier [0x0105D7ED+503293]
GetHandleVerifier [0x0105D580+502672]
GetHandleVerifier [0x010646AC+531644]
GetHandleVerifier [0x0105DFFA+505354]
Ordinal0 [0x00F50606+1050118]
Ordinal0 [0x00F5047F+1049727]
Ordinal0 [0x00F5AF9B+1093531]
Ordinal0 [0x00F5B103+1093891]
Ordinal0 [0x00F5A095+1089685]
BaseThreadInitThunk [0x76656359+25]
RtlGetAppContainerNamedObjectPath [0x77DF7B74+228]
RtlGetAppContainerNamedObjectPath [0x77DF7B44+180]

at org.openqa.selenium.remote.W3CHandshakeResponse.lambda$errorHandler$0(W3CHandshakeResponse.java:62)
at org.openqa.selenium.remote.HandshakeResponse.lambda$getResponseFunction$0(HandshakeResponse.java:30)
at org.openqa.selenium.remote.ProtocolHandshake.lambda$createSession$1(ProtocolHandshake.java:127)
at java.base/java.util.stream.ReferencePipeline$3$1.accept(ReferencePipeline.java:195)
at java.base/java.util.Spliterators$ArraySpliterator.tryAdvance(Spliterators.java:958)
at java.base/java.util.stream.ReferencePipeline.forEachWithCancel(ReferencePipeline.java:127)
at java.base/java.util.stream.AbstractPipeline.copyIntoWithCancel(AbstractPipeline.java:502)
at java.base/java.util.stream.AbstractPipeline.copyInto(AbstractPipeline.java:488)
at java.base/java.util.stream.AbstractPipeline.wrapAndCopyInto(AbstractPipeline.java:474)
at java.base/java.util.stream.FindOps$FindOp.evaluateSequential(FindOps.java:150)
at java.base/java.util.stream.AbstractPipeline.evaluate(AbstractPipeline.java:234)
at java.base/java.util.stream.ReferencePipeline.findFirst(ReferencePipeline.java:543)
at org.openqa.selenium.remote.ProtocolHandshake.createSession(ProtocolHandshake.java:129)
at org.openqa.selenium.remote.ProtocolHandshake.createSession(ProtocolHandshake.java:75)
at org.openqa.selenium.remote.HttpCommandExecutor.execute(HttpCommandExecutor.java:139)
at org.openqa.selenium.remote.service.DriverCommandExecutor.execute(DriverCommandExecutor.java:83)
at org.openqa.selenium.remote.RemoteWebDriver.execute(RemoteWebDriver.java:576)
at org.openqa.selenium.remote.RemoteWebDriver.startSession(RemoteWebDriver.java:210)
at org.openqa.selenium.remote.RemoteWebDriver.<init>(RemoteWebDriver.java:130)
at org.openqa.selenium.chromium.ChromiumDriver.<init>(ChromiumDriver.java:75)
at org.openqa.selenium.chrome.ChromeDriver.<init>(ChromeDriver.java:163)
at org.openqa.selenium.chrome.ChromeDriver.<init>(ChromeDriver.java:150)
at org.openqa.selenium.chrome.ChromeDriver.<init>(ChromeDriver.java:105)
at Maven.LoginTest.b(LoginTest.java:109)
at java.base/java.util.ArrayList.forEach(ArrayList.java:1507)
... Removed 45 stack frames]]>
    </failure>
  </testcase> <!-- @BeforeMethod b -->
  <testcase classname="Maven.LoginTest" name="@AfterMethod bclose" time="-1.573535625492E9">
    <skipped/>
  </testcase> <!-- @AfterMethod bclose -->
  <testcase classname="Maven.LoginTest" name="@BeforeMethod b" time="-1.573535625492E9">
    <skipped/>
  </testcase> <!-- @BeforeMethod b -->
  <testcase classname="Maven.LoginTest" name="@AfterMethod bclose" time="-1.573535625492E9">
    <skipped/>
  </testcase> <!-- @AfterMethod bclose -->
  <testcase classname="Maven.LoginTest" name="@BeforeMethod b" time="-1.573535625492E9">
    <skipped/>
  </testcase> <!-- @BeforeMethod b -->
  <testcase classname="Maven.LoginTest" name="@AfterMethod bclose" time="-1.573535625492E9">
    <skipped/>
  </testcase> <!-- @AfterMethod bclose -->
  <testcase classname="Maven.LoginTest" name="@BeforeMethod b" time="-1.573535625492E9">
    <skipped/>
  </testcase> <!-- @BeforeMethod b -->
  <testcase classname="Maven.LoginTest" name="@AfterMethod bclose" time="-1.573535625508E9">
    <skipped/>
  </testcase> <!-- @AfterMethod bclose -->
  <testcase classname="Maven.LoginTest" name="@BeforeMethod b" time="-1.573535625508E9">
    <skipped/>
  </testcase> <!-- @BeforeMethod b -->
  <testcase classname="Maven.LoginTest" name="@AfterMethod bclose" time="-1.573535625508E9">
    <skipped/>
  </testcase> <!-- @AfterMethod bclose -->
  <testcase classname="Maven.LoginTest" name="@BeforeMethod b" time="-1.573535625508E9">
    <skipped/>
  </testcase> <!-- @BeforeMethod b -->
  <testcase classname="Maven.LoginTest" name="@AfterMethod bclose" time="-1.573535625508E9">
    <skipped/>
  </testcase> <!-- @AfterMethod bclose -->
  <testcase classname="Maven.LoginTest" name="TC_1" time="6.764"/>
  <testcase classname="Maven.LoginTest" name="TC_2" time="5.299"/>
  <testcase classname="Maven.LoginTest" name="TC_3" time="0.0">
    <skipped/>
  </testcase> <!-- TC_3 -->
  <testcase classname="Maven.LoginTest" name="TC_4" time="0.0">
    <skipped/>
  </testcase> <!-- TC_4 -->
  <testcase classname="Maven.LoginTest" name="TC_5" time="0.0">
    <skipped/>
  </testcase> <!-- TC_5 -->
  <testcase classname="Maven.LoginTest" name="TC_6" time="0.0">
    <skipped/>
  </testcase> <!-- TC_6 -->
  <testcase classname="Maven.LoginTest" name="TC_7" time="0.0">
    <skipped/>
  </testcase> <!-- TC_7 -->
  <testcase classname="Maven.LoginTest" name="TC_8" time="0.0">
    <skipped/>
  </testcase> <!-- TC_8 -->
</testsuite> <!-- Command line test -->
