<!DOCTYPE html PUBLIC "-//W3C//DTD XHTML 1.1//EN" "http://www.w3.org/TR/xhtml11/DTD/xhtml11.dtd">
<html xmlns="http://www.w3.org/1999/xhtml">
<head>
<meta http-equiv="content-type" content="text/html; charset=UTF-8"/>
<title>TestNG Report</title>
<style type="text/css">table {margin-bottom:10px;border-collapse:collapse;empty-cells:show}th,td {border:1px solid #009;padding:.25em .5em}th {vertical-align:bottom}td {vertical-align:top}table a {font-weight:bold}.stripe td {background-color: #E6EBF9}.num {text-align:right}.passedodd td {background-color: #3F3}.passedeven td {background-color: #0A0}.skippedodd td {background-color: #DDD}.skippedeven td {background-color: #CCC}.failedodd td,.attn {background-color: #F33}.failedeven td,.stripe .attn {background-color: #D00}.stacktrace {white-space:pre;font-family:monospace}.totop {font-size:85%;text-align:center;border-bottom:2px solid #000}.invisible {display:none}</style>
</head>
<body>
<table>
<tr><th>Test</th><th># Passed</th><th># Skipped</th><th># Retried</th><th># Failed</th><th>Time (ms)</th><th>Included Groups</th><th>Excluded Groups</th></tr>
<tr><th colspan="7">Maven.LoginTest</th></tr>
<tr><td><a href="#t0">Command line test</a></td><td class="num">2</td><td class="num attn">6</td><td class="num">0</td><td class="num">0</td><td class="num">51,921</td><td></td><td></td></tr>
</table>
<table id='summary'><thead><tr><th>Class</th><th>Method</th><th>Start</th><th>Time (ms)</th></tr></thead><tbody><tr><th colspan="4">Maven.LoginTest</th></tr></tbody><tbody id="t0"><tr><th colspan="4">Command line test &#8212; failed (configuration methods)</th></tr><tr class="failedeven"><td rowspan="1">Maven.LoginTest</td><td><a href="#m0">b</a></td><td rowspan="1">1573535608737</td><td rowspan="1">16740</td></tr><tr><th colspan="4">Command line test &#8212; skipped (configuration methods)</th></tr><tr class="skippedeven"><td rowspan="11">Maven.LoginTest</td><td><a href="#m1">b</a></td><td rowspan="5">1573535625508</td><td rowspan="5">-1573535625508</td></tr><tr class="skippedeven"><td><a href="#m2">b</a></td></tr><tr class="skippedeven"><td><a href="#m3">b</a></td></tr><tr class="skippedeven"><td><a href="#m4">b</a></td></tr><tr class="skippedeven"><td><a href="#m5">b</a></td></tr><tr class="skippedeven"><td><a href="#m6">bclose</a></td><td rowspan="6">1573535625492</td><td rowspan="6">-1573535625492</td></tr><tr class="skippedeven"><td><a href="#m7">bclose</a></td></tr><tr class="skippedeven"><td><a href="#m8">bclose</a></td></tr><tr class="skippedeven"><td><a href="#m9">bclose</a></td></tr><tr class="skippedeven"><td><a href="#m10">bclose</a></td></tr><tr class="skippedeven"><td><a href="#m11">bclose</a></td></tr><tr><th colspan="4">Command line test &#8212; skipped</th></tr><tr class="skippedeven"><td rowspan="6">Maven.LoginTest</td><td><a href="#m12">TC_3</a></td><td rowspan="1">1573535625492</td><td rowspan="1">0</td></tr><tr class="skippedeven"><td><a href="#m13">TC_4</a></td><td rowspan="1">1573535625492</td><td rowspan="1">0</td></tr><tr class="skippedeven"><td><a href="#m14">TC_5</a></td><td rowspan="1">1573535625492</td><td rowspan="1">0</td></tr><tr class="skippedeven"><td><a href="#m15">TC_6</a></td><td rowspan="1">1573535625492</td><td rowspan="1">0</td></tr><tr class="skippedeven"><td><a href="#m16">TC_7</a></td><td rowspan="1">1573535625508</td><td rowspan="1">0</td></tr><tr class="skippedeven"><td><a href="#m17">TC_8</a></td><td rowspan="1">1573535625508</td><td rowspan="1">0</td></tr><tr><th colspan="4">Command line test &#8212; passed</th></tr><tr class="passedeven"><td rowspan="2">Maven.LoginTest</td><td><a href="#m18">TC_1</a></td><td rowspan="1">1573535584601</td><td rowspan="1">6764</td></tr><tr class="passedeven"><td><a href="#m19">TC_2</a></td><td rowspan="1">1573535601829</td><td rowspan="1">5299</td></tr></tbody>
</table>
<h2>Command line test</h2><h3 id="m0">Maven.LoginTest#b</h3><table class="result"><tr><th>Exception</th></tr><tr><td><div class="stacktrace">org.openqa.selenium.SessionNotCreatedException: session not created
from chrome not reachable
  (Session info: chrome=78.0.3904.97)
Build info: version: &apos;4.0.0-alpha-3&apos;, revision: &apos;8c567de6dc&apos;
System info: host: &apos;SHIBU&apos;, ip: &apos;192.168.0.101&apos;, os.name: &apos;Windows 10&apos;, os.arch: &apos;amd64&apos;, os.version: &apos;10.0&apos;, java.version: &apos;13.0.1&apos;
Driver info: driver.version: ChromeDriver
remote stacktrace: Backtrace:
	Ordinal0 [0x00FBEB13+1501971]
	Ordinal0 [0x00F3F6D1+980689]
	Ordinal0 [0x00EC7508+488712]
	Ordinal0 [0x00EC131A+463642]
	Ordinal0 [0x00EC19C8+465352]
	Ordinal0 [0x00EC2AA5+469669]
	Ordinal0 [0x00EBEC85+453765]
	Ordinal0 [0x00EC8330+492336]
	Ordinal0 [0x00E7A108+172296]
	Ordinal0 [0x00E7942D+169005]
	Ordinal0 [0x00E778EB+162027]
	Ordinal0 [0x00E60AC7+68295]
	Ordinal0 [0x00E61B40+72512]
	Ordinal0 [0x00E61AD9+72409]
	Ordinal0 [0x00F58F37+1085239]
	GetHandleVerifier [0x0105D7ED+503293]
	GetHandleVerifier [0x0105D580+502672]
	GetHandleVerifier [0x010646AC+531644]
	GetHandleVerifier [0x0105DFFA+505354]
	Ordinal0 [0x00F50606+1050118]
	Ordinal0 [0x00F5047F+1049727]
	Ordinal0 [0x00F5AF9B+1093531]
	Ordinal0 [0x00F5B103+1093891]
	Ordinal0 [0x00F5A095+1089685]
	BaseThreadInitThunk [0x76656359+25]
	RtlGetAppContainerNamedObjectPath [0x77DF7B74+228]
	RtlGetAppContainerNamedObjectPath [0x77DF7B44+180]

	at org.openqa.selenium.remote.W3CHandshakeResponse.lambda$errorHandler$0(W3CHandshakeResponse.java:62)
	at org.openqa.selenium.remote.HandshakeResponse.lambda$getResponseFunction$0(HandshakeResponse.java:30)
	at org.openqa.selenium.remote.ProtocolHandshake.lambda$createSession$1(ProtocolHandshake.java:127)
	at java.base/java.util.stream.ReferencePipeline$3$1.accept(ReferencePipeline.java:195)
	at java.base/java.util.Spliterators$ArraySpliterator.tryAdvance(Spliterators.java:958)
	at java.base/java.util.stream.ReferencePipeline.forEachWithCancel(ReferencePipeline.java:127)
	at java.base/java.util.stream.AbstractPipeline.copyIntoWithCancel(AbstractPipeline.java:502)
	at java.base/java.util.stream.AbstractPipeline.copyInto(AbstractPipeline.java:488)
	at java.base/java.util.stream.AbstractPipeline.wrapAndCopyInto(AbstractPipeline.java:474)
	at java.base/java.util.stream.FindOps$FindOp.evaluateSequential(FindOps.java:150)
	at java.base/java.util.stream.AbstractPipeline.evaluate(AbstractPipeline.java:234)
	at java.base/java.util.stream.ReferencePipeline.findFirst(ReferencePipeline.java:543)
	at org.openqa.selenium.remote.ProtocolHandshake.createSession(ProtocolHandshake.java:129)
	at org.openqa.selenium.remote.ProtocolHandshake.createSession(ProtocolHandshake.java:75)
	at org.openqa.selenium.remote.HttpCommandExecutor.execute(HttpCommandExecutor.java:139)
	at org.openqa.selenium.remote.service.DriverCommandExecutor.execute(DriverCommandExecutor.java:83)
	at org.openqa.selenium.remote.RemoteWebDriver.execute(RemoteWebDriver.java:576)
	at org.openqa.selenium.remote.RemoteWebDriver.startSession(RemoteWebDriver.java:210)
	at org.openqa.selenium.remote.RemoteWebDriver.&lt;init&gt;(RemoteWebDriver.java:130)
	at org.openqa.selenium.chromium.ChromiumDriver.&lt;init&gt;(ChromiumDriver.java:75)
	at org.openqa.selenium.chrome.ChromeDriver.&lt;init&gt;(ChromeDriver.java:163)
	at org.openqa.selenium.chrome.ChromeDriver.&lt;init&gt;(ChromeDriver.java:150)
	at org.openqa.selenium.chrome.ChromeDriver.&lt;init&gt;(ChromeDriver.java:105)
	at Maven.LoginTest.b(LoginTest.java:109)
	at java.base/java.util.ArrayList.forEach(ArrayList.java:1507)
... Removed 45 stack frames</div></td></tr></table><p class="totop"><a href="#summary">back to summary</a></p>
<h3 id="m1">Maven.LoginTest#b</h3><table class="result"><tr><th class="invisible"/></tr></table><p class="totop"><a href="#summary">back to summary</a></p>
<h3 id="m2">Maven.LoginTest#b</h3><table class="result"><tr><th class="invisible"/></tr></table><p class="totop"><a href="#summary">back to summary</a></p>
<h3 id="m3">Maven.LoginTest#b</h3><table class="result"><tr><th class="invisible"/></tr></table><p class="totop"><a href="#summary">back to summary</a></p>
<h3 id="m4">Maven.LoginTest#b</h3><table class="result"><tr><th class="invisible"/></tr></table><p class="totop"><a href="#summary">back to summary</a></p>
<h3 id="m5">Maven.LoginTest#b</h3><table class="result"><tr><th class="invisible"/></tr></table><p class="totop"><a href="#summary">back to summary</a></p>
<h3 id="m6">Maven.LoginTest#bclose</h3><table class="result"><tr><th class="invisible"/></tr></table><p class="totop"><a href="#summary">back to summary</a></p>
<h3 id="m7">Maven.LoginTest#bclose</h3><table class="result"><tr><th class="invisible"/></tr></table><p class="totop"><a href="#summary">back to summary</a></p>
<h3 id="m8">Maven.LoginTest#bclose</h3><table class="result"><tr><th class="invisible"/></tr></table><p class="totop"><a href="#summary">back to summary</a></p>
<h3 id="m9">Maven.LoginTest#bclose</h3><table class="result"><tr><th class="invisible"/></tr></table><p class="totop"><a href="#summary">back to summary</a></p>
<h3 id="m10">Maven.LoginTest#bclose</h3><table class="result"><tr><th class="invisible"/></tr></table><p class="totop"><a href="#summary">back to summary</a></p>
<h3 id="m11">Maven.LoginTest#bclose</h3><table class="result"><tr><th class="invisible"/></tr></table><p class="totop"><a href="#summary">back to summary</a></p>
<h3 id="m12">Maven.LoginTest#TC_3</h3><table class="result"><tr><th>Exception</th></tr><tr><td><div class="stacktrace">org.openqa.selenium.SessionNotCreatedException: session not created
from chrome not reachable
  (Session info: chrome=78.0.3904.97)
Build info: version: &apos;4.0.0-alpha-3&apos;, revision: &apos;8c567de6dc&apos;
System info: host: &apos;SHIBU&apos;, ip: &apos;192.168.0.101&apos;, os.name: &apos;Windows 10&apos;, os.arch: &apos;amd64&apos;, os.version: &apos;10.0&apos;, java.version: &apos;13.0.1&apos;
Driver info: driver.version: ChromeDriver
remote stacktrace: Backtrace:
	Ordinal0 [0x00FBEB13+1501971]
	Ordinal0 [0x00F3F6D1+980689]
	Ordinal0 [0x00EC7508+488712]
	Ordinal0 [0x00EC131A+463642]
	Ordinal0 [0x00EC19C8+465352]
	Ordinal0 [0x00EC2AA5+469669]
	Ordinal0 [0x00EBEC85+453765]
	Ordinal0 [0x00EC8330+492336]
	Ordinal0 [0x00E7A108+172296]
	Ordinal0 [0x00E7942D+169005]
	Ordinal0 [0x00E778EB+162027]
	Ordinal0 [0x00E60AC7+68295]
	Ordinal0 [0x00E61B40+72512]
	Ordinal0 [0x00E61AD9+72409]
	Ordinal0 [0x00F58F37+1085239]
	GetHandleVerifier [0x0105D7ED+503293]
	GetHandleVerifier [0x0105D580+502672]
	GetHandleVerifier [0x010646AC+531644]
	GetHandleVerifier [0x0105DFFA+505354]
	Ordinal0 [0x00F50606+1050118]
	Ordinal0 [0x00F5047F+1049727]
	Ordinal0 [0x00F5AF9B+1093531]
	Ordinal0 [0x00F5B103+1093891]
	Ordinal0 [0x00F5A095+1089685]
	BaseThreadInitThunk [0x76656359+25]
	RtlGetAppContainerNamedObjectPath [0x77DF7B74+228]
	RtlGetAppContainerNamedObjectPath [0x77DF7B44+180]

	at org.openqa.selenium.remote.W3CHandshakeResponse.lambda$errorHandler$0(W3CHandshakeResponse.java:62)
	at org.openqa.selenium.remote.HandshakeResponse.lambda$getResponseFunction$0(HandshakeResponse.java:30)
	at org.openqa.selenium.remote.ProtocolHandshake.lambda$createSession$1(ProtocolHandshake.java:127)
	at java.base/java.util.stream.ReferencePipeline$3$1.accept(ReferencePipeline.java:195)
	at java.base/java.util.Spliterators$ArraySpliterator.tryAdvance(Spliterators.java:958)
	at java.base/java.util.stream.ReferencePipeline.forEachWithCancel(ReferencePipeline.java:127)
	at java.base/java.util.stream.AbstractPipeline.copyIntoWithCancel(AbstractPipeline.java:502)
	at java.base/java.util.stream.AbstractPipeline.copyInto(AbstractPipeline.java:488)
	at java.base/java.util.stream.AbstractPipeline.wrapAndCopyInto(AbstractPipeline.java:474)
	at java.base/java.util.stream.FindOps$FindOp.evaluateSequential(FindOps.java:150)
	at java.base/java.util.stream.AbstractPipeline.evaluate(AbstractPipeline.java:234)
	at java.base/java.util.stream.ReferencePipeline.findFirst(ReferencePipeline.java:543)
	at org.openqa.selenium.remote.ProtocolHandshake.createSession(ProtocolHandshake.java:129)
	at org.openqa.selenium.remote.ProtocolHandshake.createSession(ProtocolHandshake.java:75)
	at org.openqa.selenium.remote.HttpCommandExecutor.execute(HttpCommandExecutor.java:139)
	at org.openqa.selenium.remote.service.DriverCommandExecutor.execute(DriverCommandExecutor.java:83)
	at org.openqa.selenium.remote.RemoteWebDriver.execute(RemoteWebDriver.java:576)
	at org.openqa.selenium.remote.RemoteWebDriver.startSession(RemoteWebDriver.java:210)
	at org.openqa.selenium.remote.RemoteWebDriver.&lt;init&gt;(RemoteWebDriver.java:130)
	at org.openqa.selenium.chromium.ChromiumDriver.&lt;init&gt;(ChromiumDriver.java:75)
	at org.openqa.selenium.chrome.ChromeDriver.&lt;init&gt;(ChromeDriver.java:163)
	at org.openqa.selenium.chrome.ChromeDriver.&lt;init&gt;(ChromeDriver.java:150)
	at org.openqa.selenium.chrome.ChromeDriver.&lt;init&gt;(ChromeDriver.java:105)
	at Maven.LoginTest.b(LoginTest.java:109)
	at java.base/java.util.ArrayList.forEach(ArrayList.java:1507)
... Removed 45 stack frames</div></td></tr></table><p class="totop"><a href="#summary">back to summary</a></p>
<h3 id="m13">Maven.LoginTest#TC_4</h3><table class="result"><tr><th>Exception</th></tr><tr><td><div class="stacktrace">org.openqa.selenium.SessionNotCreatedException: session not created
from chrome not reachable
  (Session info: chrome=78.0.3904.97)
Build info: version: &apos;4.0.0-alpha-3&apos;, revision: &apos;8c567de6dc&apos;
System info: host: &apos;SHIBU&apos;, ip: &apos;192.168.0.101&apos;, os.name: &apos;Windows 10&apos;, os.arch: &apos;amd64&apos;, os.version: &apos;10.0&apos;, java.version: &apos;13.0.1&apos;
Driver info: driver.version: ChromeDriver
remote stacktrace: Backtrace:
	Ordinal0 [0x00FBEB13+1501971]
	Ordinal0 [0x00F3F6D1+980689]
	Ordinal0 [0x00EC7508+488712]
	Ordinal0 [0x00EC131A+463642]
	Ordinal0 [0x00EC19C8+465352]
	Ordinal0 [0x00EC2AA5+469669]
	Ordinal0 [0x00EBEC85+453765]
	Ordinal0 [0x00EC8330+492336]
	Ordinal0 [0x00E7A108+172296]
	Ordinal0 [0x00E7942D+169005]
	Ordinal0 [0x00E778EB+162027]
	Ordinal0 [0x00E60AC7+68295]
	Ordinal0 [0x00E61B40+72512]
	Ordinal0 [0x00E61AD9+72409]
	Ordinal0 [0x00F58F37+1085239]
	GetHandleVerifier [0x0105D7ED+503293]
	GetHandleVerifier [0x0105D580+502672]
	GetHandleVerifier [0x010646AC+531644]
	GetHandleVerifier [0x0105DFFA+505354]
	Ordinal0 [0x00F50606+1050118]
	Ordinal0 [0x00F5047F+1049727]
	Ordinal0 [0x00F5AF9B+1093531]
	Ordinal0 [0x00F5B103+1093891]
	Ordinal0 [0x00F5A095+1089685]
	BaseThreadInitThunk [0x76656359+25]
	RtlGetAppContainerNamedObjectPath [0x77DF7B74+228]
	RtlGetAppContainerNamedObjectPath [0x77DF7B44+180]

	at org.openqa.selenium.remote.W3CHandshakeResponse.lambda$errorHandler$0(W3CHandshakeResponse.java:62)
	at org.openqa.selenium.remote.HandshakeResponse.lambda$getResponseFunction$0(HandshakeResponse.java:30)
	at org.openqa.selenium.remote.ProtocolHandshake.lambda$createSession$1(ProtocolHandshake.java:127)
	at java.base/java.util.stream.ReferencePipeline$3$1.accept(ReferencePipeline.java:195)
	at java.base/java.util.Spliterators$ArraySpliterator.tryAdvance(Spliterators.java:958)
	at java.base/java.util.stream.ReferencePipeline.forEachWithCancel(ReferencePipeline.java:127)
	at java.base/java.util.stream.AbstractPipeline.copyIntoWithCancel(AbstractPipeline.java:502)
	at java.base/java.util.stream.AbstractPipeline.copyInto(AbstractPipeline.java:488)
	at java.base/java.util.stream.AbstractPipeline.wrapAndCopyInto(AbstractPipeline.java:474)
	at java.base/java.util.stream.FindOps$FindOp.evaluateSequential(FindOps.java:150)
	at java.base/java.util.stream.AbstractPipeline.evaluate(AbstractPipeline.java:234)
	at java.base/java.util.stream.ReferencePipeline.findFirst(ReferencePipeline.java:543)
	at org.openqa.selenium.remote.ProtocolHandshake.createSession(ProtocolHandshake.java:129)
	at org.openqa.selenium.remote.ProtocolHandshake.createSession(ProtocolHandshake.java:75)
	at org.openqa.selenium.remote.HttpCommandExecutor.execute(HttpCommandExecutor.java:139)
	at org.openqa.selenium.remote.service.DriverCommandExecutor.execute(DriverCommandExecutor.java:83)
	at org.openqa.selenium.remote.RemoteWebDriver.execute(RemoteWebDriver.java:576)
	at org.openqa.selenium.remote.RemoteWebDriver.startSession(RemoteWebDriver.java:210)
	at org.openqa.selenium.remote.RemoteWebDriver.&lt;init&gt;(RemoteWebDriver.java:130)
	at org.openqa.selenium.chromium.ChromiumDriver.&lt;init&gt;(ChromiumDriver.java:75)
	at org.openqa.selenium.chrome.ChromeDriver.&lt;init&gt;(ChromeDriver.java:163)
	at org.openqa.selenium.chrome.ChromeDriver.&lt;init&gt;(ChromeDriver.java:150)
	at org.openqa.selenium.chrome.ChromeDriver.&lt;init&gt;(ChromeDriver.java:105)
	at Maven.LoginTest.b(LoginTest.java:109)
	at java.base/java.util.ArrayList.forEach(ArrayList.java:1507)
... Removed 45 stack frames</div></td></tr></table><p class="totop"><a href="#summary">back to summary</a></p>
<h3 id="m14">Maven.LoginTest#TC_5</h3><table class="result"><tr><th>Exception</th></tr><tr><td><div class="stacktrace">org.openqa.selenium.SessionNotCreatedException: session not created
from chrome not reachable
  (Session info: chrome=78.0.3904.97)
Build info: version: &apos;4.0.0-alpha-3&apos;, revision: &apos;8c567de6dc&apos;
System info: host: &apos;SHIBU&apos;, ip: &apos;192.168.0.101&apos;, os.name: &apos;Windows 10&apos;, os.arch: &apos;amd64&apos;, os.version: &apos;10.0&apos;, java.version: &apos;13.0.1&apos;
Driver info: driver.version: ChromeDriver
remote stacktrace: Backtrace:
	Ordinal0 [0x00FBEB13+1501971]
	Ordinal0 [0x00F3F6D1+980689]
	Ordinal0 [0x00EC7508+488712]
	Ordinal0 [0x00EC131A+463642]
	Ordinal0 [0x00EC19C8+465352]
	Ordinal0 [0x00EC2AA5+469669]
	Ordinal0 [0x00EBEC85+453765]
	Ordinal0 [0x00EC8330+492336]
	Ordinal0 [0x00E7A108+172296]
	Ordinal0 [0x00E7942D+169005]
	Ordinal0 [0x00E778EB+162027]
	Ordinal0 [0x00E60AC7+68295]
	Ordinal0 [0x00E61B40+72512]
	Ordinal0 [0x00E61AD9+72409]
	Ordinal0 [0x00F58F37+1085239]
	GetHandleVerifier [0x0105D7ED+503293]
	GetHandleVerifier [0x0105D580+502672]
	GetHandleVerifier [0x010646AC+531644]
	GetHandleVerifier [0x0105DFFA+505354]
	Ordinal0 [0x00F50606+1050118]
	Ordinal0 [0x00F5047F+1049727]
	Ordinal0 [0x00F5AF9B+1093531]
	Ordinal0 [0x00F5B103+1093891]
	Ordinal0 [0x00F5A095+1089685]
	BaseThreadInitThunk [0x76656359+25]
	RtlGetAppContainerNamedObjectPath [0x77DF7B74+228]
	RtlGetAppContainerNamedObjectPath [0x77DF7B44+180]

	at org.openqa.selenium.remote.W3CHandshakeResponse.lambda$errorHandler$0(W3CHandshakeResponse.java:62)
	at org.openqa.selenium.remote.HandshakeResponse.lambda$getResponseFunction$0(HandshakeResponse.java:30)
	at org.openqa.selenium.remote.ProtocolHandshake.lambda$createSession$1(ProtocolHandshake.java:127)
	at java.base/java.util.stream.ReferencePipeline$3$1.accept(ReferencePipeline.java:195)
	at java.base/java.util.Spliterators$ArraySpliterator.tryAdvance(Spliterators.java:958)
	at java.base/java.util.stream.ReferencePipeline.forEachWithCancel(ReferencePipeline.java:127)
	at java.base/java.util.stream.AbstractPipeline.copyIntoWithCancel(AbstractPipeline.java:502)
	at java.base/java.util.stream.AbstractPipeline.copyInto(AbstractPipeline.java:488)
	at java.base/java.util.stream.AbstractPipeline.wrapAndCopyInto(AbstractPipeline.java:474)
	at java.base/java.util.stream.FindOps$FindOp.evaluateSequential(FindOps.java:150)
	at java.base/java.util.stream.AbstractPipeline.evaluate(AbstractPipeline.java:234)
	at java.base/java.util.stream.ReferencePipeline.findFirst(ReferencePipeline.java:543)
	at org.openqa.selenium.remote.ProtocolHandshake.createSession(ProtocolHandshake.java:129)
	at org.openqa.selenium.remote.ProtocolHandshake.createSession(ProtocolHandshake.java:75)
	at org.openqa.selenium.remote.HttpCommandExecutor.execute(HttpCommandExecutor.java:139)
	at org.openqa.selenium.remote.service.DriverCommandExecutor.execute(DriverCommandExecutor.java:83)
	at org.openqa.selenium.remote.RemoteWebDriver.execute(RemoteWebDriver.java:576)
	at org.openqa.selenium.remote.RemoteWebDriver.startSession(RemoteWebDriver.java:210)
	at org.openqa.selenium.remote.RemoteWebDriver.&lt;init&gt;(RemoteWebDriver.java:130)
	at org.openqa.selenium.chromium.ChromiumDriver.&lt;init&gt;(ChromiumDriver.java:75)
	at org.openqa.selenium.chrome.ChromeDriver.&lt;init&gt;(ChromeDriver.java:163)
	at org.openqa.selenium.chrome.ChromeDriver.&lt;init&gt;(ChromeDriver.java:150)
	at org.openqa.selenium.chrome.ChromeDriver.&lt;init&gt;(ChromeDriver.java:105)
	at Maven.LoginTest.b(LoginTest.java:109)
	at java.base/java.util.ArrayList.forEach(ArrayList.java:1507)
... Removed 45 stack frames</div></td></tr></table><p class="totop"><a href="#summary">back to summary</a></p>
<h3 id="m15">Maven.LoginTest#TC_6</h3><table class="result"><tr><th>Exception</th></tr><tr><td><div class="stacktrace">org.openqa.selenium.SessionNotCreatedException: session not created
from chrome not reachable
  (Session info: chrome=78.0.3904.97)
Build info: version: &apos;4.0.0-alpha-3&apos;, revision: &apos;8c567de6dc&apos;
System info: host: &apos;SHIBU&apos;, ip: &apos;192.168.0.101&apos;, os.name: &apos;Windows 10&apos;, os.arch: &apos;amd64&apos;, os.version: &apos;10.0&apos;, java.version: &apos;13.0.1&apos;
Driver info: driver.version: ChromeDriver
remote stacktrace: Backtrace:
	Ordinal0 [0x00FBEB13+1501971]
	Ordinal0 [0x00F3F6D1+980689]
	Ordinal0 [0x00EC7508+488712]
	Ordinal0 [0x00EC131A+463642]
	Ordinal0 [0x00EC19C8+465352]
	Ordinal0 [0x00EC2AA5+469669]
	Ordinal0 [0x00EBEC85+453765]
	Ordinal0 [0x00EC8330+492336]
	Ordinal0 [0x00E7A108+172296]
	Ordinal0 [0x00E7942D+169005]
	Ordinal0 [0x00E778EB+162027]
	Ordinal0 [0x00E60AC7+68295]
	Ordinal0 [0x00E61B40+72512]
	Ordinal0 [0x00E61AD9+72409]
	Ordinal0 [0x00F58F37+1085239]
	GetHandleVerifier [0x0105D7ED+503293]
	GetHandleVerifier [0x0105D580+502672]
	GetHandleVerifier [0x010646AC+531644]
	GetHandleVerifier [0x0105DFFA+505354]
	Ordinal0 [0x00F50606+1050118]
	Ordinal0 [0x00F5047F+1049727]
	Ordinal0 [0x00F5AF9B+1093531]
	Ordinal0 [0x00F5B103+1093891]
	Ordinal0 [0x00F5A095+1089685]
	BaseThreadInitThunk [0x76656359+25]
	RtlGetAppContainerNamedObjectPath [0x77DF7B74+228]
	RtlGetAppContainerNamedObjectPath [0x77DF7B44+180]

	at org.openqa.selenium.remote.W3CHandshakeResponse.lambda$errorHandler$0(W3CHandshakeResponse.java:62)
	at org.openqa.selenium.remote.HandshakeResponse.lambda$getResponseFunction$0(HandshakeResponse.java:30)
	at org.openqa.selenium.remote.ProtocolHandshake.lambda$createSession$1(ProtocolHandshake.java:127)
	at java.base/java.util.stream.ReferencePipeline$3$1.accept(ReferencePipeline.java:195)
	at java.base/java.util.Spliterators$ArraySpliterator.tryAdvance(Spliterators.java:958)
	at java.base/java.util.stream.ReferencePipeline.forEachWithCancel(ReferencePipeline.java:127)
	at java.base/java.util.stream.AbstractPipeline.copyIntoWithCancel(AbstractPipeline.java:502)
	at java.base/java.util.stream.AbstractPipeline.copyInto(AbstractPipeline.java:488)
	at java.base/java.util.stream.AbstractPipeline.wrapAndCopyInto(AbstractPipeline.java:474)
	at java.base/java.util.stream.FindOps$FindOp.evaluateSequential(FindOps.java:150)
	at java.base/java.util.stream.AbstractPipeline.evaluate(AbstractPipeline.java:234)
	at java.base/java.util.stream.ReferencePipeline.findFirst(ReferencePipeline.java:543)
	at org.openqa.selenium.remote.ProtocolHandshake.createSession(ProtocolHandshake.java:129)
	at org.openqa.selenium.remote.ProtocolHandshake.createSession(ProtocolHandshake.java:75)
	at org.openqa.selenium.remote.HttpCommandExecutor.execute(HttpCommandExecutor.java:139)
	at org.openqa.selenium.remote.service.DriverCommandExecutor.execute(DriverCommandExecutor.java:83)
	at org.openqa.selenium.remote.RemoteWebDriver.execute(RemoteWebDriver.java:576)
	at org.openqa.selenium.remote.RemoteWebDriver.startSession(RemoteWebDriver.java:210)
	at org.openqa.selenium.remote.RemoteWebDriver.&lt;init&gt;(RemoteWebDriver.java:130)
	at org.openqa.selenium.chromium.ChromiumDriver.&lt;init&gt;(ChromiumDriver.java:75)
	at org.openqa.selenium.chrome.ChromeDriver.&lt;init&gt;(ChromeDriver.java:163)
	at org.openqa.selenium.chrome.ChromeDriver.&lt;init&gt;(ChromeDriver.java:150)
	at org.openqa.selenium.chrome.ChromeDriver.&lt;init&gt;(ChromeDriver.java:105)
	at Maven.LoginTest.b(LoginTest.java:109)
	at java.base/java.util.ArrayList.forEach(ArrayList.java:1507)
... Removed 45 stack frames</div></td></tr></table><p class="totop"><a href="#summary">back to summary</a></p>
<h3 id="m16">Maven.LoginTest#TC_7</h3><table class="result"><tr><th>Exception</th></tr><tr><td><div class="stacktrace">org.openqa.selenium.SessionNotCreatedException: session not created
from chrome not reachable
  (Session info: chrome=78.0.3904.97)
Build info: version: &apos;4.0.0-alpha-3&apos;, revision: &apos;8c567de6dc&apos;
System info: host: &apos;SHIBU&apos;, ip: &apos;192.168.0.101&apos;, os.name: &apos;Windows 10&apos;, os.arch: &apos;amd64&apos;, os.version: &apos;10.0&apos;, java.version: &apos;13.0.1&apos;
Driver info: driver.version: ChromeDriver
remote stacktrace: Backtrace:
	Ordinal0 [0x00FBEB13+1501971]
	Ordinal0 [0x00F3F6D1+980689]
	Ordinal0 [0x00EC7508+488712]
	Ordinal0 [0x00EC131A+463642]
	Ordinal0 [0x00EC19C8+465352]
	Ordinal0 [0x00EC2AA5+469669]
	Ordinal0 [0x00EBEC85+453765]
	Ordinal0 [0x00EC8330+492336]
	Ordinal0 [0x00E7A108+172296]
	Ordinal0 [0x00E7942D+169005]
	Ordinal0 [0x00E778EB+162027]
	Ordinal0 [0x00E60AC7+68295]
	Ordinal0 [0x00E61B40+72512]
	Ordinal0 [0x00E61AD9+72409]
	Ordinal0 [0x00F58F37+1085239]
	GetHandleVerifier [0x0105D7ED+503293]
	GetHandleVerifier [0x0105D580+502672]
	GetHandleVerifier [0x010646AC+531644]
	GetHandleVerifier [0x0105DFFA+505354]
	Ordinal0 [0x00F50606+1050118]
	Ordinal0 [0x00F5047F+1049727]
	Ordinal0 [0x00F5AF9B+1093531]
	Ordinal0 [0x00F5B103+1093891]
	Ordinal0 [0x00F5A095+1089685]
	BaseThreadInitThunk [0x76656359+25]
	RtlGetAppContainerNamedObjectPath [0x77DF7B74+228]
	RtlGetAppContainerNamedObjectPath [0x77DF7B44+180]

	at org.openqa.selenium.remote.W3CHandshakeResponse.lambda$errorHandler$0(W3CHandshakeResponse.java:62)
	at org.openqa.selenium.remote.HandshakeResponse.lambda$getResponseFunction$0(HandshakeResponse.java:30)
	at org.openqa.selenium.remote.ProtocolHandshake.lambda$createSession$1(ProtocolHandshake.java:127)
	at java.base/java.util.stream.ReferencePipeline$3$1.accept(ReferencePipeline.java:195)
	at java.base/java.util.Spliterators$ArraySpliterator.tryAdvance(Spliterators.java:958)
	at java.base/java.util.stream.ReferencePipeline.forEachWithCancel(ReferencePipeline.java:127)
	at java.base/java.util.stream.AbstractPipeline.copyIntoWithCancel(AbstractPipeline.java:502)
	at java.base/java.util.stream.AbstractPipeline.copyInto(AbstractPipeline.java:488)
	at java.base/java.util.stream.AbstractPipeline.wrapAndCopyInto(AbstractPipeline.java:474)
	at java.base/java.util.stream.FindOps$FindOp.evaluateSequential(FindOps.java:150)
	at java.base/java.util.stream.AbstractPipeline.evaluate(AbstractPipeline.java:234)
	at java.base/java.util.stream.ReferencePipeline.findFirst(ReferencePipeline.java:543)
	at org.openqa.selenium.remote.ProtocolHandshake.createSession(ProtocolHandshake.java:129)
	at org.openqa.selenium.remote.ProtocolHandshake.createSession(ProtocolHandshake.java:75)
	at org.openqa.selenium.remote.HttpCommandExecutor.execute(HttpCommandExecutor.java:139)
	at org.openqa.selenium.remote.service.DriverCommandExecutor.execute(DriverCommandExecutor.java:83)
	at org.openqa.selenium.remote.RemoteWebDriver.execute(RemoteWebDriver.java:576)
	at org.openqa.selenium.remote.RemoteWebDriver.startSession(RemoteWebDriver.java:210)
	at org.openqa.selenium.remote.RemoteWebDriver.&lt;init&gt;(RemoteWebDriver.java:130)
	at org.openqa.selenium.chromium.ChromiumDriver.&lt;init&gt;(ChromiumDriver.java:75)
	at org.openqa.selenium.chrome.ChromeDriver.&lt;init&gt;(ChromeDriver.java:163)
	at org.openqa.selenium.chrome.ChromeDriver.&lt;init&gt;(ChromeDriver.java:150)
	at org.openqa.selenium.chrome.ChromeDriver.&lt;init&gt;(ChromeDriver.java:105)
	at Maven.LoginTest.b(LoginTest.java:109)
	at java.base/java.util.ArrayList.forEach(ArrayList.java:1507)
... Removed 45 stack frames</div></td></tr></table><p class="totop"><a href="#summary">back to summary</a></p>
<h3 id="m17">Maven.LoginTest#TC_8</h3><table class="result"><tr><th>Exception</th></tr><tr><td><div class="stacktrace">org.openqa.selenium.SessionNotCreatedException: session not created
from chrome not reachable
  (Session info: chrome=78.0.3904.97)
Build info: version: &apos;4.0.0-alpha-3&apos;, revision: &apos;8c567de6dc&apos;
System info: host: &apos;SHIBU&apos;, ip: &apos;192.168.0.101&apos;, os.name: &apos;Windows 10&apos;, os.arch: &apos;amd64&apos;, os.version: &apos;10.0&apos;, java.version: &apos;13.0.1&apos;
Driver info: driver.version: ChromeDriver
remote stacktrace: Backtrace:
	Ordinal0 [0x00FBEB13+1501971]
	Ordinal0 [0x00F3F6D1+980689]
	Ordinal0 [0x00EC7508+488712]
	Ordinal0 [0x00EC131A+463642]
	Ordinal0 [0x00EC19C8+465352]
	Ordinal0 [0x00EC2AA5+469669]
	Ordinal0 [0x00EBEC85+453765]
	Ordinal0 [0x00EC8330+492336]
	Ordinal0 [0x00E7A108+172296]
	Ordinal0 [0x00E7942D+169005]
	Ordinal0 [0x00E778EB+162027]
	Ordinal0 [0x00E60AC7+68295]
	Ordinal0 [0x00E61B40+72512]
	Ordinal0 [0x00E61AD9+72409]
	Ordinal0 [0x00F58F37+1085239]
	GetHandleVerifier [0x0105D7ED+503293]
	GetHandleVerifier [0x0105D580+502672]
	GetHandleVerifier [0x010646AC+531644]
	GetHandleVerifier [0x0105DFFA+505354]
	Ordinal0 [0x00F50606+1050118]
	Ordinal0 [0x00F5047F+1049727]
	Ordinal0 [0x00F5AF9B+1093531]
	Ordinal0 [0x00F5B103+1093891]
	Ordinal0 [0x00F5A095+1089685]
	BaseThreadInitThunk [0x76656359+25]
	RtlGetAppContainerNamedObjectPath [0x77DF7B74+228]
	RtlGetAppContainerNamedObjectPath [0x77DF7B44+180]

	at org.openqa.selenium.remote.W3CHandshakeResponse.lambda$errorHandler$0(W3CHandshakeResponse.java:62)
	at org.openqa.selenium.remote.HandshakeResponse.lambda$getResponseFunction$0(HandshakeResponse.java:30)
	at org.openqa.selenium.remote.ProtocolHandshake.lambda$createSession$1(ProtocolHandshake.java:127)
	at java.base/java.util.stream.ReferencePipeline$3$1.accept(ReferencePipeline.java:195)
	at java.base/java.util.Spliterators$ArraySpliterator.tryAdvance(Spliterators.java:958)
	at java.base/java.util.stream.ReferencePipeline.forEachWithCancel(ReferencePipeline.java:127)
	at java.base/java.util.stream.AbstractPipeline.copyIntoWithCancel(AbstractPipeline.java:502)
	at java.base/java.util.stream.AbstractPipeline.copyInto(AbstractPipeline.java:488)
	at java.base/java.util.stream.AbstractPipeline.wrapAndCopyInto(AbstractPipeline.java:474)
	at java.base/java.util.stream.FindOps$FindOp.evaluateSequential(FindOps.java:150)
	at java.base/java.util.stream.AbstractPipeline.evaluate(AbstractPipeline.java:234)
	at java.base/java.util.stream.ReferencePipeline.findFirst(ReferencePipeline.java:543)
	at org.openqa.selenium.remote.ProtocolHandshake.createSession(ProtocolHandshake.java:129)
	at org.openqa.selenium.remote.ProtocolHandshake.createSession(ProtocolHandshake.java:75)
	at org.openqa.selenium.remote.HttpCommandExecutor.execute(HttpCommandExecutor.java:139)
	at org.openqa.selenium.remote.service.DriverCommandExecutor.execute(DriverCommandExecutor.java:83)
	at org.openqa.selenium.remote.RemoteWebDriver.execute(RemoteWebDriver.java:576)
	at org.openqa.selenium.remote.RemoteWebDriver.startSession(RemoteWebDriver.java:210)
	at org.openqa.selenium.remote.RemoteWebDriver.&lt;init&gt;(RemoteWebDriver.java:130)
	at org.openqa.selenium.chromium.ChromiumDriver.&lt;init&gt;(ChromiumDriver.java:75)
	at org.openqa.selenium.chrome.ChromeDriver.&lt;init&gt;(ChromeDriver.java:163)
	at org.openqa.selenium.chrome.ChromeDriver.&lt;init&gt;(ChromeDriver.java:150)
	at org.openqa.selenium.chrome.ChromeDriver.&lt;init&gt;(ChromeDriver.java:105)
	at Maven.LoginTest.b(LoginTest.java:109)
	at java.base/java.util.ArrayList.forEach(ArrayList.java:1507)
... Removed 45 stack frames</div></td></tr></table><p class="totop"><a href="#summary">back to summary</a></p>
<h3 id="m18">Maven.LoginTest#TC_1</h3><table class="result"><tr><th class="invisible"/></tr></table><p class="totop"><a href="#summary">back to summary</a></p>
<h3 id="m19">Maven.LoginTest#TC_2</h3><table class="result"><tr><th class="invisible"/></tr></table><p class="totop"><a href="#summary">back to summary</a></p>
</body>
</html>
