<!DOCTYPE html>

<html>
  <head>
  <meta charset='utf-8'>
  <title>TestNG reports</title>

    <link type="text/css" href="testng-reports.css" rel="stylesheet" />
    <script type="text/javascript" src="jquery-1.7.1.min.js"></script>
    <script type="text/javascript" src="testng-reports.js"></script>
    <script type="text/javascript" src="https://www.google.com/jsapi"></script>
    <script type='text/javascript'>
      google.load('visualization', '1', {packages:['table']});
      google.setOnLoadCallback(drawTable);
      var suiteTableInitFunctions = new Array();
      var suiteTableData = new Array();
    </script>
    <!--
      <script type="text/javascript" src="jquery-ui/js/jquery-ui-1.8.16.custom.min.js"></script>
     -->
  </head>

  <body>
    <div class="top-banner-root">
      <span class="top-banner-title-font">Test results</span>
      <br/>
      <span class="top-banner-font-1">1 suite</span>
    </div> <!-- top-banner-root -->
    <div class="navigator-root">
      <div class="navigator-suite-header">
        <span>All suites</span>
        <a href="#" title="Collapse/expand all the suites" class="collapse-all-link">
          <img src="collapseall.gif" class="collapse-all-icon">
          </img> <!-- collapse-all-icon -->
        </a> <!-- collapse-all-link -->
      </div> <!-- navigator-suite-header -->
      <div class="suite">
        <div class="rounded-window">
          <div class="suite-header light-rounded-window-top">
            <a href="#" panel-name="suite-Maven_LoginTest" class="navigator-link">
              <span class="suite-name border-skipped">Maven.LoginTest</span>
            </a> <!-- navigator-link -->
          </div> <!-- suite-header light-rounded-window-top -->
          <div class="navigator-suite-content">
            <div class="suite-section-title">
              <span>Info</span>
            </div> <!-- suite-section-title -->
            <div class="suite-section-content">
              <ul>
                <li>
                  <a href="#" panel-name="test-xml-Maven_LoginTest" class="navigator-link ">
                    <span>[unset file name]</span>
                  </a> <!-- navigator-link  -->
                </li>
                <li>
                  <a href="#" panel-name="testlist-Maven_LoginTest" class="navigator-link ">
                    <span class="test-stats">1 test</span>
                  </a> <!-- navigator-link  -->
                </li>
                <li>
                  <a href="#" panel-name="group-Maven_LoginTest" class="navigator-link ">
                    <span>1 group</span>
                  </a> <!-- navigator-link  -->
                </li>
                <li>
                  <a href="#" panel-name="times-Maven_LoginTest" class="navigator-link ">
                    <span>Times</span>
                  </a> <!-- navigator-link  -->
                </li>
                <li>
                  <a href="#" panel-name="reporter-Maven_LoginTest" class="navigator-link ">
                    <span>Reporter output</span>
                  </a> <!-- navigator-link  -->
                </li>
                <li>
                  <a href="#" panel-name="ignored-methods-Maven_LoginTest" class="navigator-link ">
                    <span>Ignored methods</span>
                  </a> <!-- navigator-link  -->
                </li>
                <li>
                  <a href="#" panel-name="chronological-Maven_LoginTest" class="navigator-link ">
                    <span>Chronological view</span>
                  </a> <!-- navigator-link  -->
                </li>
              </ul>
            </div> <!-- suite-section-content -->
            <div class="result-section">
              <div class="suite-section-title">
                <span>Results</span>
              </div> <!-- suite-section-title -->
              <div class="suite-section-content">
                <ul>
                  <li>
                    <span class="method-stats">8 methods,  6 skipped,  2 passed</span>
                  </li>
                  <li>
                    <span class="method-list-title skipped">Skipped methods</span>
                    <span class="show-or-hide-methods skipped">
                      <a href="#" panel-name="suite-Maven_LoginTest" class="hide-methods skipped suite-Maven_LoginTest"> (hide)</a> <!-- hide-methods skipped suite-Maven_LoginTest -->
                      <a href="#" panel-name="suite-Maven_LoginTest" class="show-methods skipped suite-Maven_LoginTest"> (show)</a> <!-- show-methods skipped suite-Maven_LoginTest -->
                    </span>
                    <div class="method-list-content skipped suite-Maven_LoginTest">
                      <span>
                        <img src="skipped.png" width="3%"/>
                        <a href="#" panel-name="suite-Maven_LoginTest" title="Maven.LoginTest" class="method navigator-link" hash-for-method="TC_3">TC_3</a> <!-- method navigator-link -->
                      </span>
                      <br/>
                      <span>
                        <img src="skipped.png" width="3%"/>
                        <a href="#" panel-name="suite-Maven_LoginTest" title="Maven.LoginTest" class="method navigator-link" hash-for-method="TC_4">TC_4</a> <!-- method navigator-link -->
                      </span>
                      <br/>
                      <span>
                        <img src="skipped.png" width="3%"/>
                        <a href="#" panel-name="suite-Maven_LoginTest" title="Maven.LoginTest" class="method navigator-link" hash-for-method="TC_5">TC_5</a> <!-- method navigator-link -->
                      </span>
                      <br/>
                      <span>
                        <img src="skipped.png" width="3%"/>
                        <a href="#" panel-name="suite-Maven_LoginTest" title="Maven.LoginTest" class="method navigator-link" hash-for-method="TC_6">TC_6</a> <!-- method navigator-link -->
                      </span>
                      <br/>
                      <span>
                        <img src="skipped.png" width="3%"/>
                        <a href="#" panel-name="suite-Maven_LoginTest" title="Maven.LoginTest" class="method navigator-link" hash-for-method="TC_7">TC_7</a> <!-- method navigator-link -->
                      </span>
                      <br/>
                      <span>
                        <img src="skipped.png" width="3%"/>
                        <a href="#" panel-name="suite-Maven_LoginTest" title="Maven.LoginTest" class="method navigator-link" hash-for-method="TC_8">TC_8</a> <!-- method navigator-link -->
                      </span>
                      <br/>
                    </div> <!-- method-list-content skipped suite-Maven_LoginTest -->
                  </li>
                  <li>
                    <span class="method-list-title passed">Passed methods</span>
                    <span class="show-or-hide-methods passed">
                      <a href="#" panel-name="suite-Maven_LoginTest" class="hide-methods passed suite-Maven_LoginTest"> (hide)</a> <!-- hide-methods passed suite-Maven_LoginTest -->
                      <a href="#" panel-name="suite-Maven_LoginTest" class="show-methods passed suite-Maven_LoginTest"> (show)</a> <!-- show-methods passed suite-Maven_LoginTest -->
                    </span>
                    <div class="method-list-content passed suite-Maven_LoginTest">
                      <span>
                        <img src="passed.png" width="3%"/>
                        <a href="#" panel-name="suite-Maven_LoginTest" title="Maven.LoginTest" class="method navigator-link" hash-for-method="TC_1">TC_1</a> <!-- method navigator-link -->
                      </span>
                      <br/>
                      <span>
                        <img src="passed.png" width="3%"/>
                        <a href="#" panel-name="suite-Maven_LoginTest" title="Maven.LoginTest" class="method navigator-link" hash-for-method="TC_2">TC_2</a> <!-- method navigator-link -->
                      </span>
                      <br/>
                    </div> <!-- method-list-content passed suite-Maven_LoginTest -->
                  </li>
                </ul>
              </div> <!-- suite-section-content -->
            </div> <!-- result-section -->
          </div> <!-- navigator-suite-content -->
        </div> <!-- rounded-window -->
      </div> <!-- suite -->
    </div> <!-- navigator-root -->
    <div class="wrapper">
      <div class="main-panel-root">
        <div panel-name="suite-Maven_LoginTest" class="panel Maven_LoginTest">
          <div class="suite-Maven_LoginTest-class-skipped">
            <div class="main-panel-header rounded-window-top">
              <img src="skipped.png"/>
              <span class="class-name">Maven.LoginTest</span>
            </div> <!-- main-panel-header rounded-window-top -->
            <div class="main-panel-content rounded-window-bottom">
              <div class="method">
                <div class="method-content">
                  <a name="TC_3">
                  </a> <!-- TC_3 -->
                  <span class="method-name">TC_3</span>
                  <div class="stack-trace">org.openqa.selenium.SessionNotCreatedException: session not created
from chrome not reachable
  (Session info: chrome=78.0.3904.97)
Build info: version: &apos;4.0.0-alpha-3&apos;, revision: &apos;8c567de6dc&apos;
System info: host: &apos;SHIBU&apos;, ip: &apos;192.168.0.101&apos;, os.name: &apos;Windows 10&apos;, os.arch: &apos;amd64&apos;, os.version: &apos;10.0&apos;, java.version: &apos;13.0.1&apos;
Driver info: driver.version: ChromeDriver
remote stacktrace: Backtrace:
	Ordinal0 [0x00FBEB13+1501971]
	Ordinal0 [0x00F3F6D1+980689]
	Ordinal0 [0x00EC7508+488712]
	Ordinal0 [0x00EC131A+463642]
	Ordinal0 [0x00EC19C8+465352]
	Ordinal0 [0x00EC2AA5+469669]
	Ordinal0 [0x00EBEC85+453765]
	Ordinal0 [0x00EC8330+492336]
	Ordinal0 [0x00E7A108+172296]
	Ordinal0 [0x00E7942D+169005]
	Ordinal0 [0x00E778EB+162027]
	Ordinal0 [0x00E60AC7+68295]
	Ordinal0 [0x00E61B40+72512]
	Ordinal0 [0x00E61AD9+72409]
	Ordinal0 [0x00F58F37+1085239]
	GetHandleVerifier [0x0105D7ED+503293]
	GetHandleVerifier [0x0105D580+502672]
	GetHandleVerifier [0x010646AC+531644]
	GetHandleVerifier [0x0105DFFA+505354]
	Ordinal0 [0x00F50606+1050118]
	Ordinal0 [0x00F5047F+1049727]
	Ordinal0 [0x00F5AF9B+1093531]
	Ordinal0 [0x00F5B103+1093891]
	Ordinal0 [0x00F5A095+1089685]
	BaseThreadInitThunk [0x76656359+25]
	RtlGetAppContainerNamedObjectPath [0x77DF7B74+228]
	RtlGetAppContainerNamedObjectPath [0x77DF7B44+180]

	at org.openqa.selenium.remote.W3CHandshakeResponse.lambda$errorHandler$0(W3CHandshakeResponse.java:62)
	at org.openqa.selenium.remote.HandshakeResponse.lambda$getResponseFunction$0(HandshakeResponse.java:30)
	at org.openqa.selenium.remote.ProtocolHandshake.lambda$createSession$1(ProtocolHandshake.java:127)
	at java.base/java.util.stream.ReferencePipeline$3$1.accept(ReferencePipeline.java:195)
	at java.base/java.util.Spliterators$ArraySpliterator.tryAdvance(Spliterators.java:958)
	at java.base/java.util.stream.ReferencePipeline.forEachWithCancel(ReferencePipeline.java:127)
	at java.base/java.util.stream.AbstractPipeline.copyIntoWithCancel(AbstractPipeline.java:502)
	at java.base/java.util.stream.AbstractPipeline.copyInto(AbstractPipeline.java:488)
	at java.base/java.util.stream.AbstractPipeline.wrapAndCopyInto(AbstractPipeline.java:474)
	at java.base/java.util.stream.FindOps$FindOp.evaluateSequential(FindOps.java:150)
	at java.base/java.util.stream.AbstractPipeline.evaluate(AbstractPipeline.java:234)
	at java.base/java.util.stream.ReferencePipeline.findFirst(ReferencePipeline.java:543)
	at org.openqa.selenium.remote.ProtocolHandshake.createSession(ProtocolHandshake.java:129)
	at org.openqa.selenium.remote.ProtocolHandshake.createSession(ProtocolHandshake.java:75)
	at org.openqa.selenium.remote.HttpCommandExecutor.execute(HttpCommandExecutor.java:139)
	at org.openqa.selenium.remote.service.DriverCommandExecutor.execute(DriverCommandExecutor.java:83)
	at org.openqa.selenium.remote.RemoteWebDriver.execute(RemoteWebDriver.java:576)
	at org.openqa.selenium.remote.RemoteWebDriver.startSession(RemoteWebDriver.java:210)
	at org.openqa.selenium.remote.RemoteWebDriver.&lt;init&gt;(RemoteWebDriver.java:130)
	at org.openqa.selenium.chromium.ChromiumDriver.&lt;init&gt;(ChromiumDriver.java:75)
	at org.openqa.selenium.chrome.ChromeDriver.&lt;init&gt;(ChromeDriver.java:163)
	at org.openqa.selenium.chrome.ChromeDriver.&lt;init&gt;(ChromeDriver.java:150)
	at org.openqa.selenium.chrome.ChromeDriver.&lt;init&gt;(ChromeDriver.java:105)
	at Maven.LoginTest.b(LoginTest.java:109)
	at java.base/java.util.ArrayList.forEach(ArrayList.java:1507)
... Removed 45 stack frames
</div> <!-- stack-trace -->
                </div> <!-- method-content -->
              </div> <!-- method -->
              <div class="method">
                <div class="method-content">
                  <a name="TC_4">
                  </a> <!-- TC_4 -->
                  <span class="method-name">TC_4</span>
                  <div class="stack-trace">org.openqa.selenium.SessionNotCreatedException: session not created
from chrome not reachable
  (Session info: chrome=78.0.3904.97)
Build info: version: &apos;4.0.0-alpha-3&apos;, revision: &apos;8c567de6dc&apos;
System info: host: &apos;SHIBU&apos;, ip: &apos;192.168.0.101&apos;, os.name: &apos;Windows 10&apos;, os.arch: &apos;amd64&apos;, os.version: &apos;10.0&apos;, java.version: &apos;13.0.1&apos;
Driver info: driver.version: ChromeDriver
remote stacktrace: Backtrace:
	Ordinal0 [0x00FBEB13+1501971]
	Ordinal0 [0x00F3F6D1+980689]
	Ordinal0 [0x00EC7508+488712]
	Ordinal0 [0x00EC131A+463642]
	Ordinal0 [0x00EC19C8+465352]
	Ordinal0 [0x00EC2AA5+469669]
	Ordinal0 [0x00EBEC85+453765]
	Ordinal0 [0x00EC8330+492336]
	Ordinal0 [0x00E7A108+172296]
	Ordinal0 [0x00E7942D+169005]
	Ordinal0 [0x00E778EB+162027]
	Ordinal0 [0x00E60AC7+68295]
	Ordinal0 [0x00E61B40+72512]
	Ordinal0 [0x00E61AD9+72409]
	Ordinal0 [0x00F58F37+1085239]
	GetHandleVerifier [0x0105D7ED+503293]
	GetHandleVerifier [0x0105D580+502672]
	GetHandleVerifier [0x010646AC+531644]
	GetHandleVerifier [0x0105DFFA+505354]
	Ordinal0 [0x00F50606+1050118]
	Ordinal0 [0x00F5047F+1049727]
	Ordinal0 [0x00F5AF9B+1093531]
	Ordinal0 [0x00F5B103+1093891]
	Ordinal0 [0x00F5A095+1089685]
	BaseThreadInitThunk [0x76656359+25]
	RtlGetAppContainerNamedObjectPath [0x77DF7B74+228]
	RtlGetAppContainerNamedObjectPath [0x77DF7B44+180]

	at org.openqa.selenium.remote.W3CHandshakeResponse.lambda$errorHandler$0(W3CHandshakeResponse.java:62)
	at org.openqa.selenium.remote.HandshakeResponse.lambda$getResponseFunction$0(HandshakeResponse.java:30)
	at org.openqa.selenium.remote.ProtocolHandshake.lambda$createSession$1(ProtocolHandshake.java:127)
	at java.base/java.util.stream.ReferencePipeline$3$1.accept(ReferencePipeline.java:195)
	at java.base/java.util.Spliterators$ArraySpliterator.tryAdvance(Spliterators.java:958)
	at java.base/java.util.stream.ReferencePipeline.forEachWithCancel(ReferencePipeline.java:127)
	at java.base/java.util.stream.AbstractPipeline.copyIntoWithCancel(AbstractPipeline.java:502)
	at java.base/java.util.stream.AbstractPipeline.copyInto(AbstractPipeline.java:488)
	at java.base/java.util.stream.AbstractPipeline.wrapAndCopyInto(AbstractPipeline.java:474)
	at java.base/java.util.stream.FindOps$FindOp.evaluateSequential(FindOps.java:150)
	at java.base/java.util.stream.AbstractPipeline.evaluate(AbstractPipeline.java:234)
	at java.base/java.util.stream.ReferencePipeline.findFirst(ReferencePipeline.java:543)
	at org.openqa.selenium.remote.ProtocolHandshake.createSession(ProtocolHandshake.java:129)
	at org.openqa.selenium.remote.ProtocolHandshake.createSession(ProtocolHandshake.java:75)
	at org.openqa.selenium.remote.HttpCommandExecutor.execute(HttpCommandExecutor.java:139)
	at org.openqa.selenium.remote.service.DriverCommandExecutor.execute(DriverCommandExecutor.java:83)
	at org.openqa.selenium.remote.RemoteWebDriver.execute(RemoteWebDriver.java:576)
	at org.openqa.selenium.remote.RemoteWebDriver.startSession(RemoteWebDriver.java:210)
	at org.openqa.selenium.remote.RemoteWebDriver.&lt;init&gt;(RemoteWebDriver.java:130)
	at org.openqa.selenium.chromium.ChromiumDriver.&lt;init&gt;(ChromiumDriver.java:75)
	at org.openqa.selenium.chrome.ChromeDriver.&lt;init&gt;(ChromeDriver.java:163)
	at org.openqa.selenium.chrome.ChromeDriver.&lt;init&gt;(ChromeDriver.java:150)
	at org.openqa.selenium.chrome.ChromeDriver.&lt;init&gt;(ChromeDriver.java:105)
	at Maven.LoginTest.b(LoginTest.java:109)
	at java.base/java.util.ArrayList.forEach(ArrayList.java:1507)
... Removed 45 stack frames
</div> <!-- stack-trace -->
                </div> <!-- method-content -->
              </div> <!-- method -->
              <div class="method">
                <div class="method-content">
                  <a name="TC_5">
                  </a> <!-- TC_5 -->
                  <span class="method-name">TC_5</span>
                  <div class="stack-trace">org.openqa.selenium.SessionNotCreatedException: session not created
from chrome not reachable
  (Session info: chrome=78.0.3904.97)
Build info: version: &apos;4.0.0-alpha-3&apos;, revision: &apos;8c567de6dc&apos;
System info: host: &apos;SHIBU&apos;, ip: &apos;192.168.0.101&apos;, os.name: &apos;Windows 10&apos;, os.arch: &apos;amd64&apos;, os.version: &apos;10.0&apos;, java.version: &apos;13.0.1&apos;
Driver info: driver.version: ChromeDriver
remote stacktrace: Backtrace:
	Ordinal0 [0x00FBEB13+1501971]
	Ordinal0 [0x00F3F6D1+980689]
	Ordinal0 [0x00EC7508+488712]
	Ordinal0 [0x00EC131A+463642]
	Ordinal0 [0x00EC19C8+465352]
	Ordinal0 [0x00EC2AA5+469669]
	Ordinal0 [0x00EBEC85+453765]
	Ordinal0 [0x00EC8330+492336]
	Ordinal0 [0x00E7A108+172296]
	Ordinal0 [0x00E7942D+169005]
	Ordinal0 [0x00E778EB+162027]
	Ordinal0 [0x00E60AC7+68295]
	Ordinal0 [0x00E61B40+72512]
	Ordinal0 [0x00E61AD9+72409]
	Ordinal0 [0x00F58F37+1085239]
	GetHandleVerifier [0x0105D7ED+503293]
	GetHandleVerifier [0x0105D580+502672]
	GetHandleVerifier [0x010646AC+531644]
	GetHandleVerifier [0x0105DFFA+505354]
	Ordinal0 [0x00F50606+1050118]
	Ordinal0 [0x00F5047F+1049727]
	Ordinal0 [0x00F5AF9B+1093531]
	Ordinal0 [0x00F5B103+1093891]
	Ordinal0 [0x00F5A095+1089685]
	BaseThreadInitThunk [0x76656359+25]
	RtlGetAppContainerNamedObjectPath [0x77DF7B74+228]
	RtlGetAppContainerNamedObjectPath [0x77DF7B44+180]

	at org.openqa.selenium.remote.W3CHandshakeResponse.lambda$errorHandler$0(W3CHandshakeResponse.java:62)
	at org.openqa.selenium.remote.HandshakeResponse.lambda$getResponseFunction$0(HandshakeResponse.java:30)
	at org.openqa.selenium.remote.ProtocolHandshake.lambda$createSession$1(ProtocolHandshake.java:127)
	at java.base/java.util.stream.ReferencePipeline$3$1.accept(ReferencePipeline.java:195)
	at java.base/java.util.Spliterators$ArraySpliterator.tryAdvance(Spliterators.java:958)
	at java.base/java.util.stream.ReferencePipeline.forEachWithCancel(ReferencePipeline.java:127)
	at java.base/java.util.stream.AbstractPipeline.copyIntoWithCancel(AbstractPipeline.java:502)
	at java.base/java.util.stream.AbstractPipeline.copyInto(AbstractPipeline.java:488)
	at java.base/java.util.stream.AbstractPipeline.wrapAndCopyInto(AbstractPipeline.java:474)
	at java.base/java.util.stream.FindOps$FindOp.evaluateSequential(FindOps.java:150)
	at java.base/java.util.stream.AbstractPipeline.evaluate(AbstractPipeline.java:234)
	at java.base/java.util.stream.ReferencePipeline.findFirst(ReferencePipeline.java:543)
	at org.openqa.selenium.remote.ProtocolHandshake.createSession(ProtocolHandshake.java:129)
	at org.openqa.selenium.remote.ProtocolHandshake.createSession(ProtocolHandshake.java:75)
	at org.openqa.selenium.remote.HttpCommandExecutor.execute(HttpCommandExecutor.java:139)
	at org.openqa.selenium.remote.service.DriverCommandExecutor.execute(DriverCommandExecutor.java:83)
	at org.openqa.selenium.remote.RemoteWebDriver.execute(RemoteWebDriver.java:576)
	at org.openqa.selenium.remote.RemoteWebDriver.startSession(RemoteWebDriver.java:210)
	at org.openqa.selenium.remote.RemoteWebDriver.&lt;init&gt;(RemoteWebDriver.java:130)
	at org.openqa.selenium.chromium.ChromiumDriver.&lt;init&gt;(ChromiumDriver.java:75)
	at org.openqa.selenium.chrome.ChromeDriver.&lt;init&gt;(ChromeDriver.java:163)
	at org.openqa.selenium.chrome.ChromeDriver.&lt;init&gt;(ChromeDriver.java:150)
	at org.openqa.selenium.chrome.ChromeDriver.&lt;init&gt;(ChromeDriver.java:105)
	at Maven.LoginTest.b(LoginTest.java:109)
	at java.base/java.util.ArrayList.forEach(ArrayList.java:1507)
... Removed 45 stack frames
</div> <!-- stack-trace -->
                </div> <!-- method-content -->
              </div> <!-- method -->
              <div class="method">
                <div class="method-content">
                  <a name="TC_6">
                  </a> <!-- TC_6 -->
                  <span class="method-name">TC_6</span>
                  <div class="stack-trace">org.openqa.selenium.SessionNotCreatedException: session not created
from chrome not reachable
  (Session info: chrome=78.0.3904.97)
Build info: version: &apos;4.0.0-alpha-3&apos;, revision: &apos;8c567de6dc&apos;
System info: host: &apos;SHIBU&apos;, ip: &apos;192.168.0.101&apos;, os.name: &apos;Windows 10&apos;, os.arch: &apos;amd64&apos;, os.version: &apos;10.0&apos;, java.version: &apos;13.0.1&apos;
Driver info: driver.version: ChromeDriver
remote stacktrace: Backtrace:
	Ordinal0 [0x00FBEB13+1501971]
	Ordinal0 [0x00F3F6D1+980689]
	Ordinal0 [0x00EC7508+488712]
	Ordinal0 [0x00EC131A+463642]
	Ordinal0 [0x00EC19C8+465352]
	Ordinal0 [0x00EC2AA5+469669]
	Ordinal0 [0x00EBEC85+453765]
	Ordinal0 [0x00EC8330+492336]
	Ordinal0 [0x00E7A108+172296]
	Ordinal0 [0x00E7942D+169005]
	Ordinal0 [0x00E778EB+162027]
	Ordinal0 [0x00E60AC7+68295]
	Ordinal0 [0x00E61B40+72512]
	Ordinal0 [0x00E61AD9+72409]
	Ordinal0 [0x00F58F37+1085239]
	GetHandleVerifier [0x0105D7ED+503293]
	GetHandleVerifier [0x0105D580+502672]
	GetHandleVerifier [0x010646AC+531644]
	GetHandleVerifier [0x0105DFFA+505354]
	Ordinal0 [0x00F50606+1050118]
	Ordinal0 [0x00F5047F+1049727]
	Ordinal0 [0x00F5AF9B+1093531]
	Ordinal0 [0x00F5B103+1093891]
	Ordinal0 [0x00F5A095+1089685]
	BaseThreadInitThunk [0x76656359+25]
	RtlGetAppContainerNamedObjectPath [0x77DF7B74+228]
	RtlGetAppContainerNamedObjectPath [0x77DF7B44+180]

	at org.openqa.selenium.remote.W3CHandshakeResponse.lambda$errorHandler$0(W3CHandshakeResponse.java:62)
	at org.openqa.selenium.remote.HandshakeResponse.lambda$getResponseFunction$0(HandshakeResponse.java:30)
	at org.openqa.selenium.remote.ProtocolHandshake.lambda$createSession$1(ProtocolHandshake.java:127)
	at java.base/java.util.stream.ReferencePipeline$3$1.accept(ReferencePipeline.java:195)
	at java.base/java.util.Spliterators$ArraySpliterator.tryAdvance(Spliterators.java:958)
	at java.base/java.util.stream.ReferencePipeline.forEachWithCancel(ReferencePipeline.java:127)
	at java.base/java.util.stream.AbstractPipeline.copyIntoWithCancel(AbstractPipeline.java:502)
	at java.base/java.util.stream.AbstractPipeline.copyInto(AbstractPipeline.java:488)
	at java.base/java.util.stream.AbstractPipeline.wrapAndCopyInto(AbstractPipeline.java:474)
	at java.base/java.util.stream.FindOps$FindOp.evaluateSequential(FindOps.java:150)
	at java.base/java.util.stream.AbstractPipeline.evaluate(AbstractPipeline.java:234)
	at java.base/java.util.stream.ReferencePipeline.findFirst(ReferencePipeline.java:543)
	at org.openqa.selenium.remote.ProtocolHandshake.createSession(ProtocolHandshake.java:129)
	at org.openqa.selenium.remote.ProtocolHandshake.createSession(ProtocolHandshake.java:75)
	at org.openqa.selenium.remote.HttpCommandExecutor.execute(HttpCommandExecutor.java:139)
	at org.openqa.selenium.remote.service.DriverCommandExecutor.execute(DriverCommandExecutor.java:83)
	at org.openqa.selenium.remote.RemoteWebDriver.execute(RemoteWebDriver.java:576)
	at org.openqa.selenium.remote.RemoteWebDriver.startSession(RemoteWebDriver.java:210)
	at org.openqa.selenium.remote.RemoteWebDriver.&lt;init&gt;(RemoteWebDriver.java:130)
	at org.openqa.selenium.chromium.ChromiumDriver.&lt;init&gt;(ChromiumDriver.java:75)
	at org.openqa.selenium.chrome.ChromeDriver.&lt;init&gt;(ChromeDriver.java:163)
	at org.openqa.selenium.chrome.ChromeDriver.&lt;init&gt;(ChromeDriver.java:150)
	at org.openqa.selenium.chrome.ChromeDriver.&lt;init&gt;(ChromeDriver.java:105)
	at Maven.LoginTest.b(LoginTest.java:109)
	at java.base/java.util.ArrayList.forEach(ArrayList.java:1507)
... Removed 45 stack frames
</div> <!-- stack-trace -->
                </div> <!-- method-content -->
              </div> <!-- method -->
              <div class="method">
                <div class="method-content">
                  <a name="TC_7">
                  </a> <!-- TC_7 -->
                  <span class="method-name">TC_7</span>
                  <div class="stack-trace">org.openqa.selenium.SessionNotCreatedException: session not created
from chrome not reachable
  (Session info: chrome=78.0.3904.97)
Build info: version: &apos;4.0.0-alpha-3&apos;, revision: &apos;8c567de6dc&apos;
System info: host: &apos;SHIBU&apos;, ip: &apos;192.168.0.101&apos;, os.name: &apos;Windows 10&apos;, os.arch: &apos;amd64&apos;, os.version: &apos;10.0&apos;, java.version: &apos;13.0.1&apos;
Driver info: driver.version: ChromeDriver
remote stacktrace: Backtrace:
	Ordinal0 [0x00FBEB13+1501971]
	Ordinal0 [0x00F3F6D1+980689]
	Ordinal0 [0x00EC7508+488712]
	Ordinal0 [0x00EC131A+463642]
	Ordinal0 [0x00EC19C8+465352]
	Ordinal0 [0x00EC2AA5+469669]
	Ordinal0 [0x00EBEC85+453765]
	Ordinal0 [0x00EC8330+492336]
	Ordinal0 [0x00E7A108+172296]
	Ordinal0 [0x00E7942D+169005]
	Ordinal0 [0x00E778EB+162027]
	Ordinal0 [0x00E60AC7+68295]
	Ordinal0 [0x00E61B40+72512]
	Ordinal0 [0x00E61AD9+72409]
	Ordinal0 [0x00F58F37+1085239]
	GetHandleVerifier [0x0105D7ED+503293]
	GetHandleVerifier [0x0105D580+502672]
	GetHandleVerifier [0x010646AC+531644]
	GetHandleVerifier [0x0105DFFA+505354]
	Ordinal0 [0x00F50606+1050118]
	Ordinal0 [0x00F5047F+1049727]
	Ordinal0 [0x00F5AF9B+1093531]
	Ordinal0 [0x00F5B103+1093891]
	Ordinal0 [0x00F5A095+1089685]
	BaseThreadInitThunk [0x76656359+25]
	RtlGetAppContainerNamedObjectPath [0x77DF7B74+228]
	RtlGetAppContainerNamedObjectPath [0x77DF7B44+180]

	at org.openqa.selenium.remote.W3CHandshakeResponse.lambda$errorHandler$0(W3CHandshakeResponse.java:62)
	at org.openqa.selenium.remote.HandshakeResponse.lambda$getResponseFunction$0(HandshakeResponse.java:30)
	at org.openqa.selenium.remote.ProtocolHandshake.lambda$createSession$1(ProtocolHandshake.java:127)
	at java.base/java.util.stream.ReferencePipeline$3$1.accept(ReferencePipeline.java:195)
	at java.base/java.util.Spliterators$ArraySpliterator.tryAdvance(Spliterators.java:958)
	at java.base/java.util.stream.ReferencePipeline.forEachWithCancel(ReferencePipeline.java:127)
	at java.base/java.util.stream.AbstractPipeline.copyIntoWithCancel(AbstractPipeline.java:502)
	at java.base/java.util.stream.AbstractPipeline.copyInto(AbstractPipeline.java:488)
	at java.base/java.util.stream.AbstractPipeline.wrapAndCopyInto(AbstractPipeline.java:474)
	at java.base/java.util.stream.FindOps$FindOp.evaluateSequential(FindOps.java:150)
	at java.base/java.util.stream.AbstractPipeline.evaluate(AbstractPipeline.java:234)
	at java.base/java.util.stream.ReferencePipeline.findFirst(ReferencePipeline.java:543)
	at org.openqa.selenium.remote.ProtocolHandshake.createSession(ProtocolHandshake.java:129)
	at org.openqa.selenium.remote.ProtocolHandshake.createSession(ProtocolHandshake.java:75)
	at org.openqa.selenium.remote.HttpCommandExecutor.execute(HttpCommandExecutor.java:139)
	at org.openqa.selenium.remote.service.DriverCommandExecutor.execute(DriverCommandExecutor.java:83)
	at org.openqa.selenium.remote.RemoteWebDriver.execute(RemoteWebDriver.java:576)
	at org.openqa.selenium.remote.RemoteWebDriver.startSession(RemoteWebDriver.java:210)
	at org.openqa.selenium.remote.RemoteWebDriver.&lt;init&gt;(RemoteWebDriver.java:130)
	at org.openqa.selenium.chromium.ChromiumDriver.&lt;init&gt;(ChromiumDriver.java:75)
	at org.openqa.selenium.chrome.ChromeDriver.&lt;init&gt;(ChromeDriver.java:163)
	at org.openqa.selenium.chrome.ChromeDriver.&lt;init&gt;(ChromeDriver.java:150)
	at org.openqa.selenium.chrome.ChromeDriver.&lt;init&gt;(ChromeDriver.java:105)
	at Maven.LoginTest.b(LoginTest.java:109)
	at java.base/java.util.ArrayList.forEach(ArrayList.java:1507)
... Removed 45 stack frames
</div> <!-- stack-trace -->
                </div> <!-- method-content -->
              </div> <!-- method -->
              <div class="method">
                <div class="method-content">
                  <a name="TC_8">
                  </a> <!-- TC_8 -->
                  <span class="method-name">TC_8</span>
                  <div class="stack-trace">org.openqa.selenium.SessionNotCreatedException: session not created
from chrome not reachable
  (Session info: chrome=78.0.3904.97)
Build info: version: &apos;4.0.0-alpha-3&apos;, revision: &apos;8c567de6dc&apos;
System info: host: &apos;SHIBU&apos;, ip: &apos;192.168.0.101&apos;, os.name: &apos;Windows 10&apos;, os.arch: &apos;amd64&apos;, os.version: &apos;10.0&apos;, java.version: &apos;13.0.1&apos;
Driver info: driver.version: ChromeDriver
remote stacktrace: Backtrace:
	Ordinal0 [0x00FBEB13+1501971]
	Ordinal0 [0x00F3F6D1+980689]
	Ordinal0 [0x00EC7508+488712]
	Ordinal0 [0x00EC131A+463642]
	Ordinal0 [0x00EC19C8+465352]
	Ordinal0 [0x00EC2AA5+469669]
	Ordinal0 [0x00EBEC85+453765]
	Ordinal0 [0x00EC8330+492336]
	Ordinal0 [0x00E7A108+172296]
	Ordinal0 [0x00E7942D+169005]
	Ordinal0 [0x00E778EB+162027]
	Ordinal0 [0x00E60AC7+68295]
	Ordinal0 [0x00E61B40+72512]
	Ordinal0 [0x00E61AD9+72409]
	Ordinal0 [0x00F58F37+1085239]
	GetHandleVerifier [0x0105D7ED+503293]
	GetHandleVerifier [0x0105D580+502672]
	GetHandleVerifier [0x010646AC+531644]
	GetHandleVerifier [0x0105DFFA+505354]
	Ordinal0 [0x00F50606+1050118]
	Ordinal0 [0x00F5047F+1049727]
	Ordinal0 [0x00F5AF9B+1093531]
	Ordinal0 [0x00F5B103+1093891]
	Ordinal0 [0x00F5A095+1089685]
	BaseThreadInitThunk [0x76656359+25]
	RtlGetAppContainerNamedObjectPath [0x77DF7B74+228]
	RtlGetAppContainerNamedObjectPath [0x77DF7B44+180]

	at org.openqa.selenium.remote.W3CHandshakeResponse.lambda$errorHandler$0(W3CHandshakeResponse.java:62)
	at org.openqa.selenium.remote.HandshakeResponse.lambda$getResponseFunction$0(HandshakeResponse.java:30)
	at org.openqa.selenium.remote.ProtocolHandshake.lambda$createSession$1(ProtocolHandshake.java:127)
	at java.base/java.util.stream.ReferencePipeline$3$1.accept(ReferencePipeline.java:195)
	at java.base/java.util.Spliterators$ArraySpliterator.tryAdvance(Spliterators.java:958)
	at java.base/java.util.stream.ReferencePipeline.forEachWithCancel(ReferencePipeline.java:127)
	at java.base/java.util.stream.AbstractPipeline.copyIntoWithCancel(AbstractPipeline.java:502)
	at java.base/java.util.stream.AbstractPipeline.copyInto(AbstractPipeline.java:488)
	at java.base/java.util.stream.AbstractPipeline.wrapAndCopyInto(AbstractPipeline.java:474)
	at java.base/java.util.stream.FindOps$FindOp.evaluateSequential(FindOps.java:150)
	at java.base/java.util.stream.AbstractPipeline.evaluate(AbstractPipeline.java:234)
	at java.base/java.util.stream.ReferencePipeline.findFirst(ReferencePipeline.java:543)
	at org.openqa.selenium.remote.ProtocolHandshake.createSession(ProtocolHandshake.java:129)
	at org.openqa.selenium.remote.ProtocolHandshake.createSession(ProtocolHandshake.java:75)
	at org.openqa.selenium.remote.HttpCommandExecutor.execute(HttpCommandExecutor.java:139)
	at org.openqa.selenium.remote.service.DriverCommandExecutor.execute(DriverCommandExecutor.java:83)
	at org.openqa.selenium.remote.RemoteWebDriver.execute(RemoteWebDriver.java:576)
	at org.openqa.selenium.remote.RemoteWebDriver.startSession(RemoteWebDriver.java:210)
	at org.openqa.selenium.remote.RemoteWebDriver.&lt;init&gt;(RemoteWebDriver.java:130)
	at org.openqa.selenium.chromium.ChromiumDriver.&lt;init&gt;(ChromiumDriver.java:75)
	at org.openqa.selenium.chrome.ChromeDriver.&lt;init&gt;(ChromeDriver.java:163)
	at org.openqa.selenium.chrome.ChromeDriver.&lt;init&gt;(ChromeDriver.java:150)
	at org.openqa.selenium.chrome.ChromeDriver.&lt;init&gt;(ChromeDriver.java:105)
	at Maven.LoginTest.b(LoginTest.java:109)
	at java.base/java.util.ArrayList.forEach(ArrayList.java:1507)
... Removed 45 stack frames
</div> <!-- stack-trace -->
                </div> <!-- method-content -->
              </div> <!-- method -->
            </div> <!-- main-panel-content rounded-window-bottom -->
          </div> <!-- suite-Maven_LoginTest-class-skipped -->
          <div class="suite-Maven_LoginTest-class-passed">
            <div class="main-panel-header rounded-window-top">
              <img src="passed.png"/>
              <span class="class-name">Maven.LoginTest</span>
            </div> <!-- main-panel-header rounded-window-top -->
            <div class="main-panel-content rounded-window-bottom">
              <div class="method">
                <div class="method-content">
                  <a name="TC_1">
                  </a> <!-- TC_1 -->
                  <span class="method-name">TC_1</span>
                </div> <!-- method-content -->
              </div> <!-- method -->
              <div class="method">
                <div class="method-content">
                  <a name="TC_2">
                  </a> <!-- TC_2 -->
                  <span class="method-name">TC_2</span>
                </div> <!-- method-content -->
              </div> <!-- method -->
            </div> <!-- main-panel-content rounded-window-bottom -->
          </div> <!-- suite-Maven_LoginTest-class-passed -->
        </div> <!-- panel Maven_LoginTest -->
        <div panel-name="test-xml-Maven_LoginTest" class="panel">
          <div class="main-panel-header rounded-window-top">
          </div> <!-- main-panel-header rounded-window-top -->
          <div class="main-panel-content rounded-window-bottom">
            <pre>
&lt;?xml version=&quot;1.0&quot; encoding=&quot;UTF-8&quot;?&gt;
&lt;!DOCTYPE suite SYSTEM &quot;https://testng.org/testng-1.0.dtd&quot;&gt;
&lt;suite name=&quot;Maven.LoginTest&quot; verbose=&quot;0&quot;&gt;
  &lt;test thread-count=&quot;5&quot; name=&quot;Command line test&quot; verbose=&quot;0&quot;&gt;
    &lt;classes&gt;
      &lt;class name=&quot;Maven.LoginTest&quot;/&gt;
    &lt;/classes&gt;
  &lt;/test&gt; &lt;!-- Command line test --&gt;
&lt;/suite&gt; &lt;!-- Maven.LoginTest --&gt;
            </pre>
          </div> <!-- main-panel-content rounded-window-bottom -->
        </div> <!-- panel -->
        <div panel-name="testlist-Maven_LoginTest" class="panel">
          <div class="main-panel-header rounded-window-top">
            <span class="header-content">Tests for Maven.LoginTest</span>
          </div> <!-- main-panel-header rounded-window-top -->
          <div class="main-panel-content rounded-window-bottom">
            <ul>
              <li>
                <span class="test-name">Command line test (1 class)</span>
              </li>
            </ul>
          </div> <!-- main-panel-content rounded-window-bottom -->
        </div> <!-- panel -->
        <div panel-name="group-Maven_LoginTest" class="panel">
          <div class="main-panel-header rounded-window-top">
            <span class="header-content">Groups for Maven.LoginTest</span>
          </div> <!-- main-panel-header rounded-window-top -->
          <div class="main-panel-content rounded-window-bottom">
            <div class="test-group">
              <span class="test-group-name">main</span>
              <br/>
              <div class="method-in-group">
                <span class="method-in-group-name">TC_1</span>
                <br/>
              </div> <!-- method-in-group -->
              <div class="method-in-group">
                <span class="method-in-group-name">TC_2</span>
                <br/>
              </div> <!-- method-in-group -->
              <div class="method-in-group">
                <span class="method-in-group-name">TC_3</span>
                <br/>
              </div> <!-- method-in-group -->
              <div class="method-in-group">
                <span class="method-in-group-name">TC_4</span>
                <br/>
              </div> <!-- method-in-group -->
              <div class="method-in-group">
                <span class="method-in-group-name">TC_5</span>
                <br/>
              </div> <!-- method-in-group -->
              <div class="method-in-group">
                <span class="method-in-group-name">TC_6</span>
                <br/>
              </div> <!-- method-in-group -->
              <div class="method-in-group">
                <span class="method-in-group-name">TC_7</span>
                <br/>
              </div> <!-- method-in-group -->
              <div class="method-in-group">
                <span class="method-in-group-name">TC_8</span>
                <br/>
              </div> <!-- method-in-group -->
            </div> <!-- test-group -->
          </div> <!-- main-panel-content rounded-window-bottom -->
        </div> <!-- panel -->
        <div panel-name="times-Maven_LoginTest" class="panel">
          <div class="main-panel-header rounded-window-top">
            <span class="header-content">Times for Maven.LoginTest</span>
          </div> <!-- main-panel-header rounded-window-top -->
          <div class="main-panel-content rounded-window-bottom">
            <div class="times-div">
              <script type="text/javascript">
suiteTableInitFunctions.push('tableData_Maven_LoginTest');
function tableData_Maven_LoginTest() {
var data = new google.visualization.DataTable();
data.addColumn('number', 'Number');
data.addColumn('string', 'Method');
data.addColumn('string', 'Class');
data.addColumn('number', 'Time (ms)');
data.addRows(8);
data.setCell(0, 0, 0)
data.setCell(0, 1, 'TC_1')
data.setCell(0, 2, 'Maven.LoginTest')
data.setCell(0, 3, 6764);
data.setCell(1, 0, 1)
data.setCell(1, 1, 'TC_2')
data.setCell(1, 2, 'Maven.LoginTest')
data.setCell(1, 3, 5299);
data.setCell(2, 0, 2)
data.setCell(2, 1, 'TC_5')
data.setCell(2, 2, 'Maven.LoginTest')
data.setCell(2, 3, 0);
data.setCell(3, 0, 3)
data.setCell(3, 1, 'TC_6')
data.setCell(3, 2, 'Maven.LoginTest')
data.setCell(3, 3, 0);
data.setCell(4, 0, 4)
data.setCell(4, 1, 'TC_8')
data.setCell(4, 2, 'Maven.LoginTest')
data.setCell(4, 3, 0);
data.setCell(5, 0, 5)
data.setCell(5, 1, 'TC_7')
data.setCell(5, 2, 'Maven.LoginTest')
data.setCell(5, 3, 0);
data.setCell(6, 0, 6)
data.setCell(6, 1, 'TC_3')
data.setCell(6, 2, 'Maven.LoginTest')
data.setCell(6, 3, 0);
data.setCell(7, 0, 7)
data.setCell(7, 1, 'TC_4')
data.setCell(7, 2, 'Maven.LoginTest')
data.setCell(7, 3, 0);
window.suiteTableData['Maven_LoginTest']= { tableData: data, tableDiv: 'times-div-Maven_LoginTest'}
return data;
}
              </script>
              <span class="suite-total-time">Total running time: 12 seconds</span>
              <div id="times-div-Maven_LoginTest">
              </div> <!-- times-div-Maven_LoginTest -->
            </div> <!-- times-div -->
          </div> <!-- main-panel-content rounded-window-bottom -->
        </div> <!-- panel -->
        <div panel-name="reporter-Maven_LoginTest" class="panel">
          <div class="main-panel-header rounded-window-top">
            <span class="header-content">Reporter output for Maven.LoginTest</span>
          </div> <!-- main-panel-header rounded-window-top -->
          <div class="main-panel-content rounded-window-bottom">
          </div> <!-- main-panel-content rounded-window-bottom -->
        </div> <!-- panel -->
        <div panel-name="ignored-methods-Maven_LoginTest" class="panel">
          <div class="main-panel-header rounded-window-top">
            <span class="header-content">0 ignored methods</span>
          </div> <!-- main-panel-header rounded-window-top -->
          <div class="main-panel-content rounded-window-bottom">
          </div> <!-- main-panel-content rounded-window-bottom -->
        </div> <!-- panel -->
        <div panel-name="chronological-Maven_LoginTest" class="panel">
          <div class="main-panel-header rounded-window-top">
            <span class="header-content">Methods in chronological order</span>
          </div> <!-- main-panel-header rounded-window-top -->
          <div class="main-panel-content rounded-window-bottom">
            <div class="chronological-class">
              <div class="chronological-class-name">Maven.LoginTest</div> <!-- chronological-class-name -->
              <div class="configuration-method before">
                <span class="method-name">b</span>
                <span class="method-start">0 ms</span>
              </div> <!-- configuration-method before -->
              <div class="test-method">
                <span class="method-name">TC_1</span>
                <span class="method-start">10936 ms</span>
              </div> <!-- test-method -->
              <div class="configuration-method after">
                <span class="method-name">bclose</span>
                <span class="method-start">17700 ms</span>
              </div> <!-- configuration-method after -->
              <div class="configuration-method before">
                <span class="method-name">b</span>
                <span class="method-start">19074 ms</span>
              </div> <!-- configuration-method before -->
              <div class="test-method">
                <span class="method-name">TC_2</span>
                <span class="method-start">28164 ms</span>
              </div> <!-- test-method -->
              <div class="configuration-method after">
                <span class="method-name">bclose</span>
                <span class="method-start">33463 ms</span>
              </div> <!-- configuration-method after -->
              <div class="configuration-method before">
                <img src="failed.png">
                </img>
                <span class="method-name">b</span>
                <span class="method-start">35072 ms</span>
              </div> <!-- configuration-method before -->
              <div class="test-method">
                <span class="method-name">TC_3</span>
                <span class="method-start">51827 ms</span>
              </div> <!-- test-method -->
              <div class="configuration-method after">
                <span class="method-name">bclose</span>
                <span class="method-start">51827 ms</span>
              </div> <!-- configuration-method after -->
              <div class="configuration-method before">
                <span class="method-name">b</span>
                <span class="method-start">51827 ms</span>
              </div> <!-- configuration-method before -->
              <div class="test-method">
                <span class="method-name">TC_4</span>
                <span class="method-start">51827 ms</span>
              </div> <!-- test-method -->
              <div class="configuration-method after">
                <span class="method-name">bclose</span>
                <span class="method-start">51827 ms</span>
              </div> <!-- configuration-method after -->
              <div class="configuration-method before">
                <span class="method-name">b</span>
                <span class="method-start">51827 ms</span>
              </div> <!-- configuration-method before -->
              <div class="test-method">
                <span class="method-name">TC_5</span>
                <span class="method-start">51827 ms</span>
              </div> <!-- test-method -->
              <div class="configuration-method after">
                <span class="method-name">bclose</span>
                <span class="method-start">51827 ms</span>
              </div> <!-- configuration-method after -->
              <div class="configuration-method before">
                <span class="method-name">b</span>
                <span class="method-start">51827 ms</span>
              </div> <!-- configuration-method before -->
              <div class="test-method">
                <span class="method-name">TC_6</span>
                <span class="method-start">51827 ms</span>
              </div> <!-- test-method -->
              <div class="configuration-method after">
                <span class="method-name">bclose</span>
                <span class="method-start">51843 ms</span>
              </div> <!-- configuration-method after -->
              <div class="configuration-method before">
                <span class="method-name">b</span>
                <span class="method-start">51843 ms</span>
              </div> <!-- configuration-method before -->
              <div class="test-method">
                <span class="method-name">TC_7</span>
                <span class="method-start">51843 ms</span>
              </div> <!-- test-method -->
              <div class="configuration-method after">
                <span class="method-name">bclose</span>
                <span class="method-start">51843 ms</span>
              </div> <!-- configuration-method after -->
              <div class="configuration-method before">
                <span class="method-name">b</span>
                <span class="method-start">51843 ms</span>
              </div> <!-- configuration-method before -->
              <div class="test-method">
                <span class="method-name">TC_8</span>
                <span class="method-start">51843 ms</span>
              </div> <!-- test-method -->
              <div class="configuration-method after">
                <span class="method-name">bclose</span>
                <span class="method-start">51843 ms</span>
              </div> <!-- configuration-method after -->
          </div> <!-- main-panel-content rounded-window-bottom -->
        </div> <!-- panel -->
      </div> <!-- main-panel-root -->
    </div> <!-- wrapper -->
  </body>
</html>
