<?xml version="1.0" encoding="UTF-8"?>
<testng-results ignored="0" total="8" passed="2" failed="0" skipped="6">
  <reporter-output>
  </reporter-output>
  <suite started-at="2019-11-12T10:42:53 IST" name="Maven.LoginTest" finished-at="2019-11-12T10:43:45 IST" duration-ms="51921">
    <groups>
      <group name="main">
        <method signature="LoginTest.TC_1()[pri:1, instance:Maven.LoginTest@5fdba6f9]" name="TC_1" class="Maven.LoginTest"/>
        <method signature="LoginTest.TC_2()[pri:2, instance:Maven.LoginTest@5fdba6f9]" name="TC_2" class="Maven.LoginTest"/>
        <method signature="LoginTest.TC_3()[pri:3, instance:Maven.LoginTest@5fdba6f9]" name="TC_3" class="Maven.LoginTest"/>
        <method signature="LoginTest.TC_4()[pri:4, instance:Maven.LoginTest@5fdba6f9]" name="TC_4" class="Maven.LoginTest"/>
        <method signature="LoginTest.TC_5()[pri:5, instance:Maven.LoginTest@5fdba6f9]" name="TC_5" class="Maven.LoginTest"/>
        <method signature="LoginTest.TC_6()[pri:6, instance:Maven.LoginTest@5fdba6f9]" name="TC_6" class="Maven.LoginTest"/>
        <method signature="LoginTest.TC_7()[pri:7, instance:Maven.LoginTest@5fdba6f9]" name="TC_7" class="Maven.LoginTest"/>
        <method signature="LoginTest.TC_8()[pri:8, instance:Maven.LoginTest@5fdba6f9]" name="TC_8" class="Maven.LoginTest"/>
      </group> <!-- main -->
    </groups>
    <test started-at="2019-11-12T10:42:53 IST" name="Command line test" finished-at="2019-11-12T10:43:45 IST" duration-ms="51921">
      <class name="Maven.LoginTest">
        <test-method is-config="true" signature="b()[pri:0, instance:Maven.LoginTest@5fdba6f9]" started-at="2019-11-12T10:42:53 IST" name="b" finished-at="2019-11-12T10:43:04 IST" duration-ms="10936" status="PASS">
          <reporter-output>
          </reporter-output>
        </test-method> <!-- b -->
        <test-method signature="TC_1()[pri:1, instance:Maven.LoginTest@5fdba6f9]" started-at="2019-11-12T10:43:04 IST" name="TC_1" finished-at="2019-11-12T10:43:11 IST" duration-ms="6764" status="PASS">
          <reporter-output>
          </reporter-output>
        </test-method> <!-- TC_1 -->
        <test-method is-config="true" signature="bclose()[pri:0, instance:Maven.LoginTest@5fdba6f9]" started-at="2019-11-12T10:43:11 IST" name="bclose" finished-at="2019-11-12T10:43:12 IST" duration-ms="1374" status="PASS">
          <reporter-output>
          </reporter-output>
        </test-method> <!-- bclose -->
        <test-method is-config="true" signature="b()[pri:0, instance:Maven.LoginTest@5fdba6f9]" started-at="2019-11-12T10:43:12 IST" name="b" finished-at="2019-11-12T10:43:21 IST" duration-ms="9090" status="PASS">
          <reporter-output>
          </reporter-output>
        </test-method> <!-- b -->
        <test-method signature="TC_2()[pri:2, instance:Maven.LoginTest@5fdba6f9]" started-at="2019-11-12T10:43:21 IST" name="TC_2" finished-at="2019-11-12T10:43:27 IST" duration-ms="5299" status="PASS">
          <reporter-output>
          </reporter-output>
        </test-method> <!-- TC_2 -->
        <test-method is-config="true" signature="bclose()[pri:0, instance:Maven.LoginTest@5fdba6f9]" started-at="2019-11-12T10:43:27 IST" name="bclose" finished-at="2019-11-12T10:43:28 IST" duration-ms="1609" status="PASS">
          <reporter-output>
          </reporter-output>
        </test-method> <!-- bclose -->
        <test-method is-config="true" signature="b()[pri:0, instance:Maven.LoginTest@5fdba6f9]" started-at="2019-11-12T10:43:28 IST" name="b" finished-at="2019-11-12T10:43:45 IST" duration-ms="16740" status="FAIL">
          <exception class="org.openqa.selenium.SessionNotCreatedException">
            <message>
              <![CDATA[session not created
from chrome not reachable
  (Session info: chrome=78.0.3904.97)
Build info: version: '4.0.0-alpha-3', revision: '8c567de6dc'
System info: host: 'SHIBU', ip: '192.168.0.101', os.name: 'Windows 10', os.arch: 'amd64', os.version: '10.0', java.version: '13.0.1'
Driver info: driver.version: ChromeDriver
remote stacktrace: Backtrace:
Ordinal0 [0x00FBEB13+1501971]
Ordinal0 [0x00F3F6D1+980689]
Ordinal0 [0x00EC7508+488712]
Ordinal0 [0x00EC131A+463642]
Ordinal0 [0x00EC19C8+465352]
Ordinal0 [0x00EC2AA5+469669]
Ordinal0 [0x00EBEC85+453765]
Ordinal0 [0x00EC8330+492336]
Ordinal0 [0x00E7A108+172296]
Ordinal0 [0x00E7942D+169005]
Ordinal0 [0x00E778EB+162027]
Ordinal0 [0x00E60AC7+68295]
Ordinal0 [0x00E61B40+72512]
Ordinal0 [0x00E61AD9+72409]
Ordinal0 [0x00F58F37+1085239]
GetHandleVerifier [0x0105D7ED+503293]
GetHandleVerifier [0x0105D580+502672]
GetHandleVerifier [0x010646AC+531644]
GetHandleVerifier [0x0105DFFA+505354]
Ordinal0 [0x00F50606+1050118]
Ordinal0 [0x00F5047F+1049727]
Ordinal0 [0x00F5AF9B+1093531]
Ordinal0 [0x00F5B103+1093891]
Ordinal0 [0x00F5A095+1089685]
BaseThreadInitThunk [0x76656359+25]
RtlGetAppContainerNamedObjectPath [0x77DF7B74+228]
RtlGetAppContainerNamedObjectPath [0x77DF7B44+180]
]]>
            </message>
            <full-stacktrace>
              <![CDATA[org.openqa.selenium.SessionNotCreatedException: session not created
from chrome not reachable
  (Session info: chrome=78.0.3904.97)
Build info: version: '4.0.0-alpha-3', revision: '8c567de6dc'
System info: host: 'SHIBU', ip: '192.168.0.101', os.name: 'Windows 10', os.arch: 'amd64', os.version: '10.0', java.version: '13.0.1'
Driver info: driver.version: ChromeDriver
remote stacktrace: Backtrace:
Ordinal0 [0x00FBEB13+1501971]
Ordinal0 [0x00F3F6D1+980689]
Ordinal0 [0x00EC7508+488712]
Ordinal0 [0x00EC131A+463642]
Ordinal0 [0x00EC19C8+465352]
Ordinal0 [0x00EC2AA5+469669]
Ordinal0 [0x00EBEC85+453765]
Ordinal0 [0x00EC8330+492336]
Ordinal0 [0x00E7A108+172296]
Ordinal0 [0x00E7942D+169005]
Ordinal0 [0x00E778EB+162027]
Ordinal0 [0x00E60AC7+68295]
Ordinal0 [0x00E61B40+72512]
Ordinal0 [0x00E61AD9+72409]
Ordinal0 [0x00F58F37+1085239]
GetHandleVerifier [0x0105D7ED+503293]
GetHandleVerifier [0x0105D580+502672]
GetHandleVerifier [0x010646AC+531644]
GetHandleVerifier [0x0105DFFA+505354]
Ordinal0 [0x00F50606+1050118]
Ordinal0 [0x00F5047F+1049727]
Ordinal0 [0x00F5AF9B+1093531]
Ordinal0 [0x00F5B103+1093891]
Ordinal0 [0x00F5A095+1089685]
BaseThreadInitThunk [0x76656359+25]
RtlGetAppContainerNamedObjectPath [0x77DF7B74+228]
RtlGetAppContainerNamedObjectPath [0x77DF7B44+180]

at java.base/jdk.internal.reflect.NativeConstructorAccessorImpl.newInstance0(Native Method)
at java.base/jdk.internal.reflect.NativeConstructorAccessorImpl.newInstance(NativeConstructorAccessorImpl.java:62)
at java.base/jdk.internal.reflect.DelegatingConstructorAccessorImpl.newInstance(DelegatingConstructorAccessorImpl.java:45)
at java.base/java.lang.reflect.Constructor.newInstanceWithCaller(Constructor.java:500)
at java.base/java.lang.reflect.Constructor.newInstance(Constructor.java:481)
at org.openqa.selenium.remote.W3CHandshakeResponse.lambda$errorHandler$0(W3CHandshakeResponse.java:62)
at org.openqa.selenium.remote.HandshakeResponse.lambda$getResponseFunction$0(HandshakeResponse.java:30)
at org.openqa.selenium.remote.ProtocolHandshake.lambda$createSession$1(ProtocolHandshake.java:127)
at java.base/java.util.stream.ReferencePipeline$3$1.accept(ReferencePipeline.java:195)
at java.base/java.util.Spliterators$ArraySpliterator.tryAdvance(Spliterators.java:958)
at java.base/java.util.stream.ReferencePipeline.forEachWithCancel(ReferencePipeline.java:127)
at java.base/java.util.stream.AbstractPipeline.copyIntoWithCancel(AbstractPipeline.java:502)
at java.base/java.util.stream.AbstractPipeline.copyInto(AbstractPipeline.java:488)
at java.base/java.util.stream.AbstractPipeline.wrapAndCopyInto(AbstractPipeline.java:474)
at java.base/java.util.stream.FindOps$FindOp.evaluateSequential(FindOps.java:150)
at java.base/java.util.stream.AbstractPipeline.evaluate(AbstractPipeline.java:234)
at java.base/java.util.stream.ReferencePipeline.findFirst(ReferencePipeline.java:543)
at org.openqa.selenium.remote.ProtocolHandshake.createSession(ProtocolHandshake.java:129)
at org.openqa.selenium.remote.ProtocolHandshake.createSession(ProtocolHandshake.java:75)
at org.openqa.selenium.remote.HttpCommandExecutor.execute(HttpCommandExecutor.java:139)
at org.openqa.selenium.remote.service.DriverCommandExecutor.execute(DriverCommandExecutor.java:83)
at org.openqa.selenium.remote.RemoteWebDriver.execute(RemoteWebDriver.java:576)
at org.openqa.selenium.remote.RemoteWebDriver.startSession(RemoteWebDriver.java:210)
at org.openqa.selenium.remote.RemoteWebDriver.<init>(RemoteWebDriver.java:130)
at org.openqa.selenium.chromium.ChromiumDriver.<init>(ChromiumDriver.java:75)
at org.openqa.selenium.chrome.ChromeDriver.<init>(ChromeDriver.java:163)
at org.openqa.selenium.chrome.ChromeDriver.<init>(ChromeDriver.java:150)
at org.openqa.selenium.chrome.ChromeDriver.<init>(ChromeDriver.java:105)
at Maven.LoginTest.b(LoginTest.java:109)
at java.base/jdk.internal.reflect.NativeMethodAccessorImpl.invoke0(Native Method)
at java.base/jdk.internal.reflect.NativeMethodAccessorImpl.invoke(NativeMethodAccessorImpl.java:62)
at java.base/jdk.internal.reflect.DelegatingMethodAccessorImpl.invoke(DelegatingMethodAccessorImpl.java:43)
at java.base/java.lang.reflect.Method.invoke(Method.java:567)
at org.testng.internal.MethodInvocationHelper.invokeMethod(MethodInvocationHelper.java:133)
at org.testng.internal.MethodInvocationHelper.invokeMethodConsideringTimeout(MethodInvocationHelper.java:62)
at org.testng.internal.ConfigInvoker.invokeConfigurationMethod(ConfigInvoker.java:340)
at org.testng.internal.ConfigInvoker.invokeConfigurations(ConfigInvoker.java:294)
at org.testng.internal.TestInvoker.runConfigMethods(TestInvoker.java:683)
at org.testng.internal.TestInvoker.invokeMethod(TestInvoker.java:510)
at org.testng.internal.TestInvoker.invokeTestMethod(TestInvoker.java:172)
at org.testng.internal.MethodRunner.runInSequence(MethodRunner.java:46)
at org.testng.internal.TestInvoker$MethodInvocationAgent.invoke(TestInvoker.java:804)
at org.testng.internal.TestInvoker.invokeTestMethods(TestInvoker.java:145)
at org.testng.internal.TestMethodWorker.invokeTestMethods(TestMethodWorker.java:146)
at org.testng.internal.TestMethodWorker.run(TestMethodWorker.java:128)
at java.base/java.util.ArrayList.forEach(ArrayList.java:1507)
at org.testng.TestRunner.privateRun(TestRunner.java:770)
at org.testng.TestRunner.run(TestRunner.java:591)
at org.testng.SuiteRunner.runTest(SuiteRunner.java:402)
at org.testng.SuiteRunner.runSequentially(SuiteRunner.java:396)
at org.testng.SuiteRunner.privateRun(SuiteRunner.java:355)
at org.testng.SuiteRunner.run(SuiteRunner.java:304)
at org.testng.SuiteRunnerWorker.runSuite(SuiteRunnerWorker.java:53)
at org.testng.SuiteRunnerWorker.run(SuiteRunnerWorker.java:96)
at org.testng.TestNG.runSuitesSequentially(TestNG.java:1180)
at org.testng.TestNG.runSuitesLocally(TestNG.java:1102)
at org.testng.TestNG.runSuites(TestNG.java:1032)
at org.testng.TestNG.run(TestNG.java:1000)
at org.apache.maven.surefire.testng.TestNGExecutor.run(TestNGExecutor.java:77)
at org.apache.maven.surefire.testng.TestNGDirectoryTestSuite.execute(TestNGDirectoryTestSuite.java:110)
at org.apache.maven.surefire.testng.TestNGProvider.invoke(TestNGProvider.java:106)
at java.base/jdk.internal.reflect.NativeMethodAccessorImpl.invoke0(Native Method)
at java.base/jdk.internal.reflect.NativeMethodAccessorImpl.invoke(NativeMethodAccessorImpl.java:62)
at java.base/jdk.internal.reflect.DelegatingMethodAccessorImpl.invoke(DelegatingMethodAccessorImpl.java:43)
at java.base/java.lang.reflect.Method.invoke(Method.java:567)
at org.apache.maven.surefire.util.ReflectionUtils.invokeMethodWithArray(ReflectionUtils.java:189)
at org.apache.maven.surefire.booter.ProviderFactory$ProviderProxy.invoke(ProviderFactory.java:165)
at org.apache.maven.surefire.booter.ProviderFactory.invokeProvider(ProviderFactory.java:85)
at org.apache.maven.surefire.booter.ForkedBooter.runSuitesInProcess(ForkedBooter.java:115)
at org.apache.maven.surefire.booter.ForkedBooter.main(ForkedBooter.java:75)
]]>
            </full-stacktrace>
          </exception> <!-- org.openqa.selenium.SessionNotCreatedException -->
          <reporter-output>
          </reporter-output>
        </test-method> <!-- b -->
        <test-method signature="TC_5()[pri:5, instance:Maven.LoginTest@5fdba6f9]" started-at="2019-11-12T10:43:45 IST" name="TC_5" finished-at="2019-11-12T10:43:45 IST" duration-ms="0" status="SKIP">
          <exception class="org.openqa.selenium.SessionNotCreatedException">
            <message>
              <![CDATA[session not created
from chrome not reachable
  (Session info: chrome=78.0.3904.97)
Build info: version: '4.0.0-alpha-3', revision: '8c567de6dc'
System info: host: 'SHIBU', ip: '192.168.0.101', os.name: 'Windows 10', os.arch: 'amd64', os.version: '10.0', java.version: '13.0.1'
Driver info: driver.version: ChromeDriver
remote stacktrace: Backtrace:
Ordinal0 [0x00FBEB13+1501971]
Ordinal0 [0x00F3F6D1+980689]
Ordinal0 [0x00EC7508+488712]
Ordinal0 [0x00EC131A+463642]
Ordinal0 [0x00EC19C8+465352]
Ordinal0 [0x00EC2AA5+469669]
Ordinal0 [0x00EBEC85+453765]
Ordinal0 [0x00EC8330+492336]
Ordinal0 [0x00E7A108+172296]
Ordinal0 [0x00E7942D+169005]
Ordinal0 [0x00E778EB+162027]
Ordinal0 [0x00E60AC7+68295]
Ordinal0 [0x00E61B40+72512]
Ordinal0 [0x00E61AD9+72409]
Ordinal0 [0x00F58F37+1085239]
GetHandleVerifier [0x0105D7ED+503293]
GetHandleVerifier [0x0105D580+502672]
GetHandleVerifier [0x010646AC+531644]
GetHandleVerifier [0x0105DFFA+505354]
Ordinal0 [0x00F50606+1050118]
Ordinal0 [0x00F5047F+1049727]
Ordinal0 [0x00F5AF9B+1093531]
Ordinal0 [0x00F5B103+1093891]
Ordinal0 [0x00F5A095+1089685]
BaseThreadInitThunk [0x76656359+25]
RtlGetAppContainerNamedObjectPath [0x77DF7B74+228]
RtlGetAppContainerNamedObjectPath [0x77DF7B44+180]
]]>
            </message>
            <full-stacktrace>
              <![CDATA[org.openqa.selenium.SessionNotCreatedException: session not created
from chrome not reachable
  (Session info: chrome=78.0.3904.97)
Build info: version: '4.0.0-alpha-3', revision: '8c567de6dc'
System info: host: 'SHIBU', ip: '192.168.0.101', os.name: 'Windows 10', os.arch: 'amd64', os.version: '10.0', java.version: '13.0.1'
Driver info: driver.version: ChromeDriver
remote stacktrace: Backtrace:
Ordinal0 [0x00FBEB13+1501971]
Ordinal0 [0x00F3F6D1+980689]
Ordinal0 [0x00EC7508+488712]
Ordinal0 [0x00EC131A+463642]
Ordinal0 [0x00EC19C8+465352]
Ordinal0 [0x00EC2AA5+469669]
Ordinal0 [0x00EBEC85+453765]
Ordinal0 [0x00EC8330+492336]
Ordinal0 [0x00E7A108+172296]
Ordinal0 [0x00E7942D+169005]
Ordinal0 [0x00E778EB+162027]
Ordinal0 [0x00E60AC7+68295]
Ordinal0 [0x00E61B40+72512]
Ordinal0 [0x00E61AD9+72409]
Ordinal0 [0x00F58F37+1085239]
GetHandleVerifier [0x0105D7ED+503293]
GetHandleVerifier [0x0105D580+502672]
GetHandleVerifier [0x010646AC+531644]
GetHandleVerifier [0x0105DFFA+505354]
Ordinal0 [0x00F50606+1050118]
Ordinal0 [0x00F5047F+1049727]
Ordinal0 [0x00F5AF9B+1093531]
Ordinal0 [0x00F5B103+1093891]
Ordinal0 [0x00F5A095+1089685]
BaseThreadInitThunk [0x76656359+25]
RtlGetAppContainerNamedObjectPath [0x77DF7B74+228]
RtlGetAppContainerNamedObjectPath [0x77DF7B44+180]

at java.base/jdk.internal.reflect.NativeConstructorAccessorImpl.newInstance0(Native Method)
at java.base/jdk.internal.reflect.NativeConstructorAccessorImpl.newInstance(NativeConstructorAccessorImpl.java:62)
at java.base/jdk.internal.reflect.DelegatingConstructorAccessorImpl.newInstance(DelegatingConstructorAccessorImpl.java:45)
at java.base/java.lang.reflect.Constructor.newInstanceWithCaller(Constructor.java:500)
at java.base/java.lang.reflect.Constructor.newInstance(Constructor.java:481)
at org.openqa.selenium.remote.W3CHandshakeResponse.lambda$errorHandler$0(W3CHandshakeResponse.java:62)
at org.openqa.selenium.remote.HandshakeResponse.lambda$getResponseFunction$0(HandshakeResponse.java:30)
at org.openqa.selenium.remote.ProtocolHandshake.lambda$createSession$1(ProtocolHandshake.java:127)
at java.base/java.util.stream.ReferencePipeline$3$1.accept(ReferencePipeline.java:195)
at java.base/java.util.Spliterators$ArraySpliterator.tryAdvance(Spliterators.java:958)
at java.base/java.util.stream.ReferencePipeline.forEachWithCancel(ReferencePipeline.java:127)
at java.base/java.util.stream.AbstractPipeline.copyIntoWithCancel(AbstractPipeline.java:502)
at java.base/java.util.stream.AbstractPipeline.copyInto(AbstractPipeline.java:488)
at java.base/java.util.stream.AbstractPipeline.wrapAndCopyInto(AbstractPipeline.java:474)
at java.base/java.util.stream.FindOps$FindOp.evaluateSequential(FindOps.java:150)
at java.base/java.util.stream.AbstractPipeline.evaluate(AbstractPipeline.java:234)
at java.base/java.util.stream.ReferencePipeline.findFirst(ReferencePipeline.java:543)
at org.openqa.selenium.remote.ProtocolHandshake.createSession(ProtocolHandshake.java:129)
at org.openqa.selenium.remote.ProtocolHandshake.createSession(ProtocolHandshake.java:75)
at org.openqa.selenium.remote.HttpCommandExecutor.execute(HttpCommandExecutor.java:139)
at org.openqa.selenium.remote.service.DriverCommandExecutor.execute(DriverCommandExecutor.java:83)
at org.openqa.selenium.remote.RemoteWebDriver.execute(RemoteWebDriver.java:576)
at org.openqa.selenium.remote.RemoteWebDriver.startSession(RemoteWebDriver.java:210)
at org.openqa.selenium.remote.RemoteWebDriver.<init>(RemoteWebDriver.java:130)
at org.openqa.selenium.chromium.ChromiumDriver.<init>(ChromiumDriver.java:75)
at org.openqa.selenium.chrome.ChromeDriver.<init>(ChromeDriver.java:163)
at org.openqa.selenium.chrome.ChromeDriver.<init>(ChromeDriver.java:150)
at org.openqa.selenium.chrome.ChromeDriver.<init>(ChromeDriver.java:105)
at Maven.LoginTest.b(LoginTest.java:109)
at java.base/jdk.internal.reflect.NativeMethodAccessorImpl.invoke0(Native Method)
at java.base/jdk.internal.reflect.NativeMethodAccessorImpl.invoke(NativeMethodAccessorImpl.java:62)
at java.base/jdk.internal.reflect.DelegatingMethodAccessorImpl.invoke(DelegatingMethodAccessorImpl.java:43)
at java.base/java.lang.reflect.Method.invoke(Method.java:567)
at org.testng.internal.MethodInvocationHelper.invokeMethod(MethodInvocationHelper.java:133)
at org.testng.internal.MethodInvocationHelper.invokeMethodConsideringTimeout(MethodInvocationHelper.java:62)
at org.testng.internal.ConfigInvoker.invokeConfigurationMethod(ConfigInvoker.java:340)
at org.testng.internal.ConfigInvoker.invokeConfigurations(ConfigInvoker.java:294)
at org.testng.internal.TestInvoker.runConfigMethods(TestInvoker.java:683)
at org.testng.internal.TestInvoker.invokeMethod(TestInvoker.java:510)
at org.testng.internal.TestInvoker.invokeTestMethod(TestInvoker.java:172)
at org.testng.internal.MethodRunner.runInSequence(MethodRunner.java:46)
at org.testng.internal.TestInvoker$MethodInvocationAgent.invoke(TestInvoker.java:804)
at org.testng.internal.TestInvoker.invokeTestMethods(TestInvoker.java:145)
at org.testng.internal.TestMethodWorker.invokeTestMethods(TestMethodWorker.java:146)
at org.testng.internal.TestMethodWorker.run(TestMethodWorker.java:128)
at java.base/java.util.ArrayList.forEach(ArrayList.java:1507)
at org.testng.TestRunner.privateRun(TestRunner.java:770)
at org.testng.TestRunner.run(TestRunner.java:591)
at org.testng.SuiteRunner.runTest(SuiteRunner.java:402)
at org.testng.SuiteRunner.runSequentially(SuiteRunner.java:396)
at org.testng.SuiteRunner.privateRun(SuiteRunner.java:355)
at org.testng.SuiteRunner.run(SuiteRunner.java:304)
at org.testng.SuiteRunnerWorker.runSuite(SuiteRunnerWorker.java:53)
at org.testng.SuiteRunnerWorker.run(SuiteRunnerWorker.java:96)
at org.testng.TestNG.runSuitesSequentially(TestNG.java:1180)
at org.testng.TestNG.runSuitesLocally(TestNG.java:1102)
at org.testng.TestNG.runSuites(TestNG.java:1032)
at org.testng.TestNG.run(TestNG.java:1000)
at org.apache.maven.surefire.testng.TestNGExecutor.run(TestNGExecutor.java:77)
at org.apache.maven.surefire.testng.TestNGDirectoryTestSuite.execute(TestNGDirectoryTestSuite.java:110)
at org.apache.maven.surefire.testng.TestNGProvider.invoke(TestNGProvider.java:106)
at java.base/jdk.internal.reflect.NativeMethodAccessorImpl.invoke0(Native Method)
at java.base/jdk.internal.reflect.NativeMethodAccessorImpl.invoke(NativeMethodAccessorImpl.java:62)
at java.base/jdk.internal.reflect.DelegatingMethodAccessorImpl.invoke(DelegatingMethodAccessorImpl.java:43)
at java.base/java.lang.reflect.Method.invoke(Method.java:567)
at org.apache.maven.surefire.util.ReflectionUtils.invokeMethodWithArray(ReflectionUtils.java:189)
at org.apache.maven.surefire.booter.ProviderFactory$ProviderProxy.invoke(ProviderFactory.java:165)
at org.apache.maven.surefire.booter.ProviderFactory.invokeProvider(ProviderFactory.java:85)
at org.apache.maven.surefire.booter.ForkedBooter.runSuitesInProcess(ForkedBooter.java:115)
at org.apache.maven.surefire.booter.ForkedBooter.main(ForkedBooter.java:75)
]]>
            </full-stacktrace>
          </exception> <!-- org.openqa.selenium.SessionNotCreatedException -->
          <reporter-output>
          </reporter-output>
        </test-method> <!-- TC_5 -->
        <test-method signature="TC_6()[pri:6, instance:Maven.LoginTest@5fdba6f9]" started-at="2019-11-12T10:43:45 IST" name="TC_6" finished-at="2019-11-12T10:43:45 IST" duration-ms="0" status="SKIP">
          <exception class="org.openqa.selenium.SessionNotCreatedException">
            <message>
              <![CDATA[session not created
from chrome not reachable
  (Session info: chrome=78.0.3904.97)
Build info: version: '4.0.0-alpha-3', revision: '8c567de6dc'
System info: host: 'SHIBU', ip: '192.168.0.101', os.name: 'Windows 10', os.arch: 'amd64', os.version: '10.0', java.version: '13.0.1'
Driver info: driver.version: ChromeDriver
remote stacktrace: Backtrace:
Ordinal0 [0x00FBEB13+1501971]
Ordinal0 [0x00F3F6D1+980689]
Ordinal0 [0x00EC7508+488712]
Ordinal0 [0x00EC131A+463642]
Ordinal0 [0x00EC19C8+465352]
Ordinal0 [0x00EC2AA5+469669]
Ordinal0 [0x00EBEC85+453765]
Ordinal0 [0x00EC8330+492336]
Ordinal0 [0x00E7A108+172296]
Ordinal0 [0x00E7942D+169005]
Ordinal0 [0x00E778EB+162027]
Ordinal0 [0x00E60AC7+68295]
Ordinal0 [0x00E61B40+72512]
Ordinal0 [0x00E61AD9+72409]
Ordinal0 [0x00F58F37+1085239]
GetHandleVerifier [0x0105D7ED+503293]
GetHandleVerifier [0x0105D580+502672]
GetHandleVerifier [0x010646AC+531644]
GetHandleVerifier [0x0105DFFA+505354]
Ordinal0 [0x00F50606+1050118]
Ordinal0 [0x00F5047F+1049727]
Ordinal0 [0x00F5AF9B+1093531]
Ordinal0 [0x00F5B103+1093891]
Ordinal0 [0x00F5A095+1089685]
BaseThreadInitThunk [0x76656359+25]
RtlGetAppContainerNamedObjectPath [0x77DF7B74+228]
RtlGetAppContainerNamedObjectPath [0x77DF7B44+180]
]]>
            </message>
            <full-stacktrace>
              <![CDATA[org.openqa.selenium.SessionNotCreatedException: session not created
from chrome not reachable
  (Session info: chrome=78.0.3904.97)
Build info: version: '4.0.0-alpha-3', revision: '8c567de6dc'
System info: host: 'SHIBU', ip: '192.168.0.101', os.name: 'Windows 10', os.arch: 'amd64', os.version: '10.0', java.version: '13.0.1'
Driver info: driver.version: ChromeDriver
remote stacktrace: Backtrace:
Ordinal0 [0x00FBEB13+1501971]
Ordinal0 [0x00F3F6D1+980689]
Ordinal0 [0x00EC7508+488712]
Ordinal0 [0x00EC131A+463642]
Ordinal0 [0x00EC19C8+465352]
Ordinal0 [0x00EC2AA5+469669]
Ordinal0 [0x00EBEC85+453765]
Ordinal0 [0x00EC8330+492336]
Ordinal0 [0x00E7A108+172296]
Ordinal0 [0x00E7942D+169005]
Ordinal0 [0x00E778EB+162027]
Ordinal0 [0x00E60AC7+68295]
Ordinal0 [0x00E61B40+72512]
Ordinal0 [0x00E61AD9+72409]
Ordinal0 [0x00F58F37+1085239]
GetHandleVerifier [0x0105D7ED+503293]
GetHandleVerifier [0x0105D580+502672]
GetHandleVerifier [0x010646AC+531644]
GetHandleVerifier [0x0105DFFA+505354]
Ordinal0 [0x00F50606+1050118]
Ordinal0 [0x00F5047F+1049727]
Ordinal0 [0x00F5AF9B+1093531]
Ordinal0 [0x00F5B103+1093891]
Ordinal0 [0x00F5A095+1089685]
BaseThreadInitThunk [0x76656359+25]
RtlGetAppContainerNamedObjectPath [0x77DF7B74+228]
RtlGetAppContainerNamedObjectPath [0x77DF7B44+180]

at java.base/jdk.internal.reflect.NativeConstructorAccessorImpl.newInstance0(Native Method)
at java.base/jdk.internal.reflect.NativeConstructorAccessorImpl.newInstance(NativeConstructorAccessorImpl.java:62)
at java.base/jdk.internal.reflect.DelegatingConstructorAccessorImpl.newInstance(DelegatingConstructorAccessorImpl.java:45)
at java.base/java.lang.reflect.Constructor.newInstanceWithCaller(Constructor.java:500)
at java.base/java.lang.reflect.Constructor.newInstance(Constructor.java:481)
at org.openqa.selenium.remote.W3CHandshakeResponse.lambda$errorHandler$0(W3CHandshakeResponse.java:62)
at org.openqa.selenium.remote.HandshakeResponse.lambda$getResponseFunction$0(HandshakeResponse.java:30)
at org.openqa.selenium.remote.ProtocolHandshake.lambda$createSession$1(ProtocolHandshake.java:127)
at java.base/java.util.stream.ReferencePipeline$3$1.accept(ReferencePipeline.java:195)
at java.base/java.util.Spliterators$ArraySpliterator.tryAdvance(Spliterators.java:958)
at java.base/java.util.stream.ReferencePipeline.forEachWithCancel(ReferencePipeline.java:127)
at java.base/java.util.stream.AbstractPipeline.copyIntoWithCancel(AbstractPipeline.java:502)
at java.base/java.util.stream.AbstractPipeline.copyInto(AbstractPipeline.java:488)
at java.base/java.util.stream.AbstractPipeline.wrapAndCopyInto(AbstractPipeline.java:474)
at java.base/java.util.stream.FindOps$FindOp.evaluateSequential(FindOps.java:150)
at java.base/java.util.stream.AbstractPipeline.evaluate(AbstractPipeline.java:234)
at java.base/java.util.stream.ReferencePipeline.findFirst(ReferencePipeline.java:543)
at org.openqa.selenium.remote.ProtocolHandshake.createSession(ProtocolHandshake.java:129)
at org.openqa.selenium.remote.ProtocolHandshake.createSession(ProtocolHandshake.java:75)
at org.openqa.selenium.remote.HttpCommandExecutor.execute(HttpCommandExecutor.java:139)
at org.openqa.selenium.remote.service.DriverCommandExecutor.execute(DriverCommandExecutor.java:83)
at org.openqa.selenium.remote.RemoteWebDriver.execute(RemoteWebDriver.java:576)
at org.openqa.selenium.remote.RemoteWebDriver.startSession(RemoteWebDriver.java:210)
at org.openqa.selenium.remote.RemoteWebDriver.<init>(RemoteWebDriver.java:130)
at org.openqa.selenium.chromium.ChromiumDriver.<init>(ChromiumDriver.java:75)
at org.openqa.selenium.chrome.ChromeDriver.<init>(ChromeDriver.java:163)
at org.openqa.selenium.chrome.ChromeDriver.<init>(ChromeDriver.java:150)
at org.openqa.selenium.chrome.ChromeDriver.<init>(ChromeDriver.java:105)
at Maven.LoginTest.b(LoginTest.java:109)
at java.base/jdk.internal.reflect.NativeMethodAccessorImpl.invoke0(Native Method)
at java.base/jdk.internal.reflect.NativeMethodAccessorImpl.invoke(NativeMethodAccessorImpl.java:62)
at java.base/jdk.internal.reflect.DelegatingMethodAccessorImpl.invoke(DelegatingMethodAccessorImpl.java:43)
at java.base/java.lang.reflect.Method.invoke(Method.java:567)
at org.testng.internal.MethodInvocationHelper.invokeMethod(MethodInvocationHelper.java:133)
at org.testng.internal.MethodInvocationHelper.invokeMethodConsideringTimeout(MethodInvocationHelper.java:62)
at org.testng.internal.ConfigInvoker.invokeConfigurationMethod(ConfigInvoker.java:340)
at org.testng.internal.ConfigInvoker.invokeConfigurations(ConfigInvoker.java:294)
at org.testng.internal.TestInvoker.runConfigMethods(TestInvoker.java:683)
at org.testng.internal.TestInvoker.invokeMethod(TestInvoker.java:510)
at org.testng.internal.TestInvoker.invokeTestMethod(TestInvoker.java:172)
at org.testng.internal.MethodRunner.runInSequence(MethodRunner.java:46)
at org.testng.internal.TestInvoker$MethodInvocationAgent.invoke(TestInvoker.java:804)
at org.testng.internal.TestInvoker.invokeTestMethods(TestInvoker.java:145)
at org.testng.internal.TestMethodWorker.invokeTestMethods(TestMethodWorker.java:146)
at org.testng.internal.TestMethodWorker.run(TestMethodWorker.java:128)
at java.base/java.util.ArrayList.forEach(ArrayList.java:1507)
at org.testng.TestRunner.privateRun(TestRunner.java:770)
at org.testng.TestRunner.run(TestRunner.java:591)
at org.testng.SuiteRunner.runTest(SuiteRunner.java:402)
at org.testng.SuiteRunner.runSequentially(SuiteRunner.java:396)
at org.testng.SuiteRunner.privateRun(SuiteRunner.java:355)
at org.testng.SuiteRunner.run(SuiteRunner.java:304)
at org.testng.SuiteRunnerWorker.runSuite(SuiteRunnerWorker.java:53)
at org.testng.SuiteRunnerWorker.run(SuiteRunnerWorker.java:96)
at org.testng.TestNG.runSuitesSequentially(TestNG.java:1180)
at org.testng.TestNG.runSuitesLocally(TestNG.java:1102)
at org.testng.TestNG.runSuites(TestNG.java:1032)
at org.testng.TestNG.run(TestNG.java:1000)
at org.apache.maven.surefire.testng.TestNGExecutor.run(TestNGExecutor.java:77)
at org.apache.maven.surefire.testng.TestNGDirectoryTestSuite.execute(TestNGDirectoryTestSuite.java:110)
at org.apache.maven.surefire.testng.TestNGProvider.invoke(TestNGProvider.java:106)
at java.base/jdk.internal.reflect.NativeMethodAccessorImpl.invoke0(Native Method)
at java.base/jdk.internal.reflect.NativeMethodAccessorImpl.invoke(NativeMethodAccessorImpl.java:62)
at java.base/jdk.internal.reflect.DelegatingMethodAccessorImpl.invoke(DelegatingMethodAccessorImpl.java:43)
at java.base/java.lang.reflect.Method.invoke(Method.java:567)
at org.apache.maven.surefire.util.ReflectionUtils.invokeMethodWithArray(ReflectionUtils.java:189)
at org.apache.maven.surefire.booter.ProviderFactory$ProviderProxy.invoke(ProviderFactory.java:165)
at org.apache.maven.surefire.booter.ProviderFactory.invokeProvider(ProviderFactory.java:85)
at org.apache.maven.surefire.booter.ForkedBooter.runSuitesInProcess(ForkedBooter.java:115)
at org.apache.maven.surefire.booter.ForkedBooter.main(ForkedBooter.java:75)
]]>
            </full-stacktrace>
          </exception> <!-- org.openqa.selenium.SessionNotCreatedException -->
          <reporter-output>
          </reporter-output>
        </test-method> <!-- TC_6 -->
        <test-method is-config="true" signature="b()[pri:0, instance:Maven.LoginTest@5fdba6f9]" started-at="2019-11-12T10:43:45 IST" name="b" finished-at="1970-01-01T05:30:00 IST" duration-ms="-1573535625492" status="SKIP">
          <reporter-output>
          </reporter-output>
        </test-method> <!-- b -->
        <test-method is-config="true" signature="b()[pri:0, instance:Maven.LoginTest@5fdba6f9]" started-at="2019-11-12T10:43:45 IST" name="b" finished-at="1970-01-01T05:30:00 IST" duration-ms="-1573535625492" status="SKIP">
          <reporter-output>
          </reporter-output>
        </test-method> <!-- b -->
        <test-method signature="TC_3()[pri:3, instance:Maven.LoginTest@5fdba6f9]" started-at="2019-11-12T10:43:45 IST" name="TC_3" finished-at="2019-11-12T10:43:45 IST" duration-ms="0" status="SKIP">
          <exception class="org.openqa.selenium.SessionNotCreatedException">
            <message>
              <![CDATA[session not created
from chrome not reachable
  (Session info: chrome=78.0.3904.97)
Build info: version: '4.0.0-alpha-3', revision: '8c567de6dc'
System info: host: 'SHIBU', ip: '192.168.0.101', os.name: 'Windows 10', os.arch: 'amd64', os.version: '10.0', java.version: '13.0.1'
Driver info: driver.version: ChromeDriver
remote stacktrace: Backtrace:
Ordinal0 [0x00FBEB13+1501971]
Ordinal0 [0x00F3F6D1+980689]
Ordinal0 [0x00EC7508+488712]
Ordinal0 [0x00EC131A+463642]
Ordinal0 [0x00EC19C8+465352]
Ordinal0 [0x00EC2AA5+469669]
Ordinal0 [0x00EBEC85+453765]
Ordinal0 [0x00EC8330+492336]
Ordinal0 [0x00E7A108+172296]
Ordinal0 [0x00E7942D+169005]
Ordinal0 [0x00E778EB+162027]
Ordinal0 [0x00E60AC7+68295]
Ordinal0 [0x00E61B40+72512]
Ordinal0 [0x00E61AD9+72409]
Ordinal0 [0x00F58F37+1085239]
GetHandleVerifier [0x0105D7ED+503293]
GetHandleVerifier [0x0105D580+502672]
GetHandleVerifier [0x010646AC+531644]
GetHandleVerifier [0x0105DFFA+505354]
Ordinal0 [0x00F50606+1050118]
Ordinal0 [0x00F5047F+1049727]
Ordinal0 [0x00F5AF9B+1093531]
Ordinal0 [0x00F5B103+1093891]
Ordinal0 [0x00F5A095+1089685]
BaseThreadInitThunk [0x76656359+25]
RtlGetAppContainerNamedObjectPath [0x77DF7B74+228]
RtlGetAppContainerNamedObjectPath [0x77DF7B44+180]
]]>
            </message>
            <full-stacktrace>
              <![CDATA[org.openqa.selenium.SessionNotCreatedException: session not created
from chrome not reachable
  (Session info: chrome=78.0.3904.97)
Build info: version: '4.0.0-alpha-3', revision: '8c567de6dc'
System info: host: 'SHIBU', ip: '192.168.0.101', os.name: 'Windows 10', os.arch: 'amd64', os.version: '10.0', java.version: '13.0.1'
Driver info: driver.version: ChromeDriver
remote stacktrace: Backtrace:
Ordinal0 [0x00FBEB13+1501971]
Ordinal0 [0x00F3F6D1+980689]
Ordinal0 [0x00EC7508+488712]
Ordinal0 [0x00EC131A+463642]
Ordinal0 [0x00EC19C8+465352]
Ordinal0 [0x00EC2AA5+469669]
Ordinal0 [0x00EBEC85+453765]
Ordinal0 [0x00EC8330+492336]
Ordinal0 [0x00E7A108+172296]
Ordinal0 [0x00E7942D+169005]
Ordinal0 [0x00E778EB+162027]
Ordinal0 [0x00E60AC7+68295]
Ordinal0 [0x00E61B40+72512]
Ordinal0 [0x00E61AD9+72409]
Ordinal0 [0x00F58F37+1085239]
GetHandleVerifier [0x0105D7ED+503293]
GetHandleVerifier [0x0105D580+502672]
GetHandleVerifier [0x010646AC+531644]
GetHandleVerifier [0x0105DFFA+505354]
Ordinal0 [0x00F50606+1050118]
Ordinal0 [0x00F5047F+1049727]
Ordinal0 [0x00F5AF9B+1093531]
Ordinal0 [0x00F5B103+1093891]
Ordinal0 [0x00F5A095+1089685]
BaseThreadInitThunk [0x76656359+25]
RtlGetAppContainerNamedObjectPath [0x77DF7B74+228]
RtlGetAppContainerNamedObjectPath [0x77DF7B44+180]

at java.base/jdk.internal.reflect.NativeConstructorAccessorImpl.newInstance0(Native Method)
at java.base/jdk.internal.reflect.NativeConstructorAccessorImpl.newInstance(NativeConstructorAccessorImpl.java:62)
at java.base/jdk.internal.reflect.DelegatingConstructorAccessorImpl.newInstance(DelegatingConstructorAccessorImpl.java:45)
at java.base/java.lang.reflect.Constructor.newInstanceWithCaller(Constructor.java:500)
at java.base/java.lang.reflect.Constructor.newInstance(Constructor.java:481)
at org.openqa.selenium.remote.W3CHandshakeResponse.lambda$errorHandler$0(W3CHandshakeResponse.java:62)
at org.openqa.selenium.remote.HandshakeResponse.lambda$getResponseFunction$0(HandshakeResponse.java:30)
at org.openqa.selenium.remote.ProtocolHandshake.lambda$createSession$1(ProtocolHandshake.java:127)
at java.base/java.util.stream.ReferencePipeline$3$1.accept(ReferencePipeline.java:195)
at java.base/java.util.Spliterators$ArraySpliterator.tryAdvance(Spliterators.java:958)
at java.base/java.util.stream.ReferencePipeline.forEachWithCancel(ReferencePipeline.java:127)
at java.base/java.util.stream.AbstractPipeline.copyIntoWithCancel(AbstractPipeline.java:502)
at java.base/java.util.stream.AbstractPipeline.copyInto(AbstractPipeline.java:488)
at java.base/java.util.stream.AbstractPipeline.wrapAndCopyInto(AbstractPipeline.java:474)
at java.base/java.util.stream.FindOps$FindOp.evaluateSequential(FindOps.java:150)
at java.base/java.util.stream.AbstractPipeline.evaluate(AbstractPipeline.java:234)
at java.base/java.util.stream.ReferencePipeline.findFirst(ReferencePipeline.java:543)
at org.openqa.selenium.remote.ProtocolHandshake.createSession(ProtocolHandshake.java:129)
at org.openqa.selenium.remote.ProtocolHandshake.createSession(ProtocolHandshake.java:75)
at org.openqa.selenium.remote.HttpCommandExecutor.execute(HttpCommandExecutor.java:139)
at org.openqa.selenium.remote.service.DriverCommandExecutor.execute(DriverCommandExecutor.java:83)
at org.openqa.selenium.remote.RemoteWebDriver.execute(RemoteWebDriver.java:576)
at org.openqa.selenium.remote.RemoteWebDriver.startSession(RemoteWebDriver.java:210)
at org.openqa.selenium.remote.RemoteWebDriver.<init>(RemoteWebDriver.java:130)
at org.openqa.selenium.chromium.ChromiumDriver.<init>(ChromiumDriver.java:75)
at org.openqa.selenium.chrome.ChromeDriver.<init>(ChromeDriver.java:163)
at org.openqa.selenium.chrome.ChromeDriver.<init>(ChromeDriver.java:150)
at org.openqa.selenium.chrome.ChromeDriver.<init>(ChromeDriver.java:105)
at Maven.LoginTest.b(LoginTest.java:109)
at java.base/jdk.internal.reflect.NativeMethodAccessorImpl.invoke0(Native Method)
at java.base/jdk.internal.reflect.NativeMethodAccessorImpl.invoke(NativeMethodAccessorImpl.java:62)
at java.base/jdk.internal.reflect.DelegatingMethodAccessorImpl.invoke(DelegatingMethodAccessorImpl.java:43)
at java.base/java.lang.reflect.Method.invoke(Method.java:567)
at org.testng.internal.MethodInvocationHelper.invokeMethod(MethodInvocationHelper.java:133)
at org.testng.internal.MethodInvocationHelper.invokeMethodConsideringTimeout(MethodInvocationHelper.java:62)
at org.testng.internal.ConfigInvoker.invokeConfigurationMethod(ConfigInvoker.java:340)
at org.testng.internal.ConfigInvoker.invokeConfigurations(ConfigInvoker.java:294)
at org.testng.internal.TestInvoker.runConfigMethods(TestInvoker.java:683)
at org.testng.internal.TestInvoker.invokeMethod(TestInvoker.java:510)
at org.testng.internal.TestInvoker.invokeTestMethod(TestInvoker.java:172)
at org.testng.internal.MethodRunner.runInSequence(MethodRunner.java:46)
at org.testng.internal.TestInvoker$MethodInvocationAgent.invoke(TestInvoker.java:804)
at org.testng.internal.TestInvoker.invokeTestMethods(TestInvoker.java:145)
at org.testng.internal.TestMethodWorker.invokeTestMethods(TestMethodWorker.java:146)
at org.testng.internal.TestMethodWorker.run(TestMethodWorker.java:128)
at java.base/java.util.ArrayList.forEach(ArrayList.java:1507)
at org.testng.TestRunner.privateRun(TestRunner.java:770)
at org.testng.TestRunner.run(TestRunner.java:591)
at org.testng.SuiteRunner.runTest(SuiteRunner.java:402)
at org.testng.SuiteRunner.runSequentially(SuiteRunner.java:396)
at org.testng.SuiteRunner.privateRun(SuiteRunner.java:355)
at org.testng.SuiteRunner.run(SuiteRunner.java:304)
at org.testng.SuiteRunnerWorker.runSuite(SuiteRunnerWorker.java:53)
at org.testng.SuiteRunnerWorker.run(SuiteRunnerWorker.java:96)
at org.testng.TestNG.runSuitesSequentially(TestNG.java:1180)
at org.testng.TestNG.runSuitesLocally(TestNG.java:1102)
at org.testng.TestNG.runSuites(TestNG.java:1032)
at org.testng.TestNG.run(TestNG.java:1000)
at org.apache.maven.surefire.testng.TestNGExecutor.run(TestNGExecutor.java:77)
at org.apache.maven.surefire.testng.TestNGDirectoryTestSuite.execute(TestNGDirectoryTestSuite.java:110)
at org.apache.maven.surefire.testng.TestNGProvider.invoke(TestNGProvider.java:106)
at java.base/jdk.internal.reflect.NativeMethodAccessorImpl.invoke0(Native Method)
at java.base/jdk.internal.reflect.NativeMethodAccessorImpl.invoke(NativeMethodAccessorImpl.java:62)
at java.base/jdk.internal.reflect.DelegatingMethodAccessorImpl.invoke(DelegatingMethodAccessorImpl.java:43)
at java.base/java.lang.reflect.Method.invoke(Method.java:567)
at org.apache.maven.surefire.util.ReflectionUtils.invokeMethodWithArray(ReflectionUtils.java:189)
at org.apache.maven.surefire.booter.ProviderFactory$ProviderProxy.invoke(ProviderFactory.java:165)
at org.apache.maven.surefire.booter.ProviderFactory.invokeProvider(ProviderFactory.java:85)
at org.apache.maven.surefire.booter.ForkedBooter.runSuitesInProcess(ForkedBooter.java:115)
at org.apache.maven.surefire.booter.ForkedBooter.main(ForkedBooter.java:75)
]]>
            </full-stacktrace>
          </exception> <!-- org.openqa.selenium.SessionNotCreatedException -->
          <reporter-output>
          </reporter-output>
        </test-method> <!-- TC_3 -->
        <test-method is-config="true" signature="b()[pri:0, instance:Maven.LoginTest@5fdba6f9]" started-at="2019-11-12T10:43:45 IST" name="b" finished-at="1970-01-01T05:30:00 IST" duration-ms="-1573535625492" status="SKIP">
          <reporter-output>
          </reporter-output>
        </test-method> <!-- b -->
        <test-method is-config="true" signature="bclose()[pri:0, instance:Maven.LoginTest@5fdba6f9]" started-at="2019-11-12T10:43:45 IST" name="bclose" finished-at="1970-01-01T05:30:00 IST" duration-ms="-1573535625492" status="SKIP">
          <reporter-output>
          </reporter-output>
        </test-method> <!-- bclose -->
        <test-method is-config="true" signature="bclose()[pri:0, instance:Maven.LoginTest@5fdba6f9]" started-at="2019-11-12T10:43:45 IST" name="bclose" finished-at="1970-01-01T05:30:00 IST" duration-ms="-1573535625492" status="SKIP">
          <reporter-output>
          </reporter-output>
        </test-method> <!-- bclose -->
        <test-method is-config="true" signature="bclose()[pri:0, instance:Maven.LoginTest@5fdba6f9]" started-at="2019-11-12T10:43:45 IST" name="bclose" finished-at="1970-01-01T05:30:00 IST" duration-ms="-1573535625492" status="SKIP">
          <reporter-output>
          </reporter-output>
        </test-method> <!-- bclose -->
        <test-method signature="TC_4()[pri:4, instance:Maven.LoginTest@5fdba6f9]" started-at="2019-11-12T10:43:45 IST" name="TC_4" finished-at="2019-11-12T10:43:45 IST" duration-ms="0" status="SKIP">
          <exception class="org.openqa.selenium.SessionNotCreatedException">
            <message>
              <![CDATA[session not created
from chrome not reachable
  (Session info: chrome=78.0.3904.97)
Build info: version: '4.0.0-alpha-3', revision: '8c567de6dc'
System info: host: 'SHIBU', ip: '192.168.0.101', os.name: 'Windows 10', os.arch: 'amd64', os.version: '10.0', java.version: '13.0.1'
Driver info: driver.version: ChromeDriver
remote stacktrace: Backtrace:
Ordinal0 [0x00FBEB13+1501971]
Ordinal0 [0x00F3F6D1+980689]
Ordinal0 [0x00EC7508+488712]
Ordinal0 [0x00EC131A+463642]
Ordinal0 [0x00EC19C8+465352]
Ordinal0 [0x00EC2AA5+469669]
Ordinal0 [0x00EBEC85+453765]
Ordinal0 [0x00EC8330+492336]
Ordinal0 [0x00E7A108+172296]
Ordinal0 [0x00E7942D+169005]
Ordinal0 [0x00E778EB+162027]
Ordinal0 [0x00E60AC7+68295]
Ordinal0 [0x00E61B40+72512]
Ordinal0 [0x00E61AD9+72409]
Ordinal0 [0x00F58F37+1085239]
GetHandleVerifier [0x0105D7ED+503293]
GetHandleVerifier [0x0105D580+502672]
GetHandleVerifier [0x010646AC+531644]
GetHandleVerifier [0x0105DFFA+505354]
Ordinal0 [0x00F50606+1050118]
Ordinal0 [0x00F5047F+1049727]
Ordinal0 [0x00F5AF9B+1093531]
Ordinal0 [0x00F5B103+1093891]
Ordinal0 [0x00F5A095+1089685]
BaseThreadInitThunk [0x76656359+25]
RtlGetAppContainerNamedObjectPath [0x77DF7B74+228]
RtlGetAppContainerNamedObjectPath [0x77DF7B44+180]
]]>
            </message>
            <full-stacktrace>
              <![CDATA[org.openqa.selenium.SessionNotCreatedException: session not created
from chrome not reachable
  (Session info: chrome=78.0.3904.97)
Build info: version: '4.0.0-alpha-3', revision: '8c567de6dc'
System info: host: 'SHIBU', ip: '192.168.0.101', os.name: 'Windows 10', os.arch: 'amd64', os.version: '10.0', java.version: '13.0.1'
Driver info: driver.version: ChromeDriver
remote stacktrace: Backtrace:
Ordinal0 [0x00FBEB13+1501971]
Ordinal0 [0x00F3F6D1+980689]
Ordinal0 [0x00EC7508+488712]
Ordinal0 [0x00EC131A+463642]
Ordinal0 [0x00EC19C8+465352]
Ordinal0 [0x00EC2AA5+469669]
Ordinal0 [0x00EBEC85+453765]
Ordinal0 [0x00EC8330+492336]
Ordinal0 [0x00E7A108+172296]
Ordinal0 [0x00E7942D+169005]
Ordinal0 [0x00E778EB+162027]
Ordinal0 [0x00E60AC7+68295]
Ordinal0 [0x00E61B40+72512]
Ordinal0 [0x00E61AD9+72409]
Ordinal0 [0x00F58F37+1085239]
GetHandleVerifier [0x0105D7ED+503293]
GetHandleVerifier [0x0105D580+502672]
GetHandleVerifier [0x010646AC+531644]
GetHandleVerifier [0x0105DFFA+505354]
Ordinal0 [0x00F50606+1050118]
Ordinal0 [0x00F5047F+1049727]
Ordinal0 [0x00F5AF9B+1093531]
Ordinal0 [0x00F5B103+1093891]
Ordinal0 [0x00F5A095+1089685]
BaseThreadInitThunk [0x76656359+25]
RtlGetAppContainerNamedObjectPath [0x77DF7B74+228]
RtlGetAppContainerNamedObjectPath [0x77DF7B44+180]

at java.base/jdk.internal.reflect.NativeConstructorAccessorImpl.newInstance0(Native Method)
at java.base/jdk.internal.reflect.NativeConstructorAccessorImpl.newInstance(NativeConstructorAccessorImpl.java:62)
at java.base/jdk.internal.reflect.DelegatingConstructorAccessorImpl.newInstance(DelegatingConstructorAccessorImpl.java:45)
at java.base/java.lang.reflect.Constructor.newInstanceWithCaller(Constructor.java:500)
at java.base/java.lang.reflect.Constructor.newInstance(Constructor.java:481)
at org.openqa.selenium.remote.W3CHandshakeResponse.lambda$errorHandler$0(W3CHandshakeResponse.java:62)
at org.openqa.selenium.remote.HandshakeResponse.lambda$getResponseFunction$0(HandshakeResponse.java:30)
at org.openqa.selenium.remote.ProtocolHandshake.lambda$createSession$1(ProtocolHandshake.java:127)
at java.base/java.util.stream.ReferencePipeline$3$1.accept(ReferencePipeline.java:195)
at java.base/java.util.Spliterators$ArraySpliterator.tryAdvance(Spliterators.java:958)
at java.base/java.util.stream.ReferencePipeline.forEachWithCancel(ReferencePipeline.java:127)
at java.base/java.util.stream.AbstractPipeline.copyIntoWithCancel(AbstractPipeline.java:502)
at java.base/java.util.stream.AbstractPipeline.copyInto(AbstractPipeline.java:488)
at java.base/java.util.stream.AbstractPipeline.wrapAndCopyInto(AbstractPipeline.java:474)
at java.base/java.util.stream.FindOps$FindOp.evaluateSequential(FindOps.java:150)
at java.base/java.util.stream.AbstractPipeline.evaluate(AbstractPipeline.java:234)
at java.base/java.util.stream.ReferencePipeline.findFirst(ReferencePipeline.java:543)
at org.openqa.selenium.remote.ProtocolHandshake.createSession(ProtocolHandshake.java:129)
at org.openqa.selenium.remote.ProtocolHandshake.createSession(ProtocolHandshake.java:75)
at org.openqa.selenium.remote.HttpCommandExecutor.execute(HttpCommandExecutor.java:139)
at org.openqa.selenium.remote.service.DriverCommandExecutor.execute(DriverCommandExecutor.java:83)
at org.openqa.selenium.remote.RemoteWebDriver.execute(RemoteWebDriver.java:576)
at org.openqa.selenium.remote.RemoteWebDriver.startSession(RemoteWebDriver.java:210)
at org.openqa.selenium.remote.RemoteWebDriver.<init>(RemoteWebDriver.java:130)
at org.openqa.selenium.chromium.ChromiumDriver.<init>(ChromiumDriver.java:75)
at org.openqa.selenium.chrome.ChromeDriver.<init>(ChromeDriver.java:163)
at org.openqa.selenium.chrome.ChromeDriver.<init>(ChromeDriver.java:150)
at org.openqa.selenium.chrome.ChromeDriver.<init>(ChromeDriver.java:105)
at Maven.LoginTest.b(LoginTest.java:109)
at java.base/jdk.internal.reflect.NativeMethodAccessorImpl.invoke0(Native Method)
at java.base/jdk.internal.reflect.NativeMethodAccessorImpl.invoke(NativeMethodAccessorImpl.java:62)
at java.base/jdk.internal.reflect.DelegatingMethodAccessorImpl.invoke(DelegatingMethodAccessorImpl.java:43)
at java.base/java.lang.reflect.Method.invoke(Method.java:567)
at org.testng.internal.MethodInvocationHelper.invokeMethod(MethodInvocationHelper.java:133)
at org.testng.internal.MethodInvocationHelper.invokeMethodConsideringTimeout(MethodInvocationHelper.java:62)
at org.testng.internal.ConfigInvoker.invokeConfigurationMethod(ConfigInvoker.java:340)
at org.testng.internal.ConfigInvoker.invokeConfigurations(ConfigInvoker.java:294)
at org.testng.internal.TestInvoker.runConfigMethods(TestInvoker.java:683)
at org.testng.internal.TestInvoker.invokeMethod(TestInvoker.java:510)
at org.testng.internal.TestInvoker.invokeTestMethod(TestInvoker.java:172)
at org.testng.internal.MethodRunner.runInSequence(MethodRunner.java:46)
at org.testng.internal.TestInvoker$MethodInvocationAgent.invoke(TestInvoker.java:804)
at org.testng.internal.TestInvoker.invokeTestMethods(TestInvoker.java:145)
at org.testng.internal.TestMethodWorker.invokeTestMethods(TestMethodWorker.java:146)
at org.testng.internal.TestMethodWorker.run(TestMethodWorker.java:128)
at java.base/java.util.ArrayList.forEach(ArrayList.java:1507)
at org.testng.TestRunner.privateRun(TestRunner.java:770)
at org.testng.TestRunner.run(TestRunner.java:591)
at org.testng.SuiteRunner.runTest(SuiteRunner.java:402)
at org.testng.SuiteRunner.runSequentially(SuiteRunner.java:396)
at org.testng.SuiteRunner.privateRun(SuiteRunner.java:355)
at org.testng.SuiteRunner.run(SuiteRunner.java:304)
at org.testng.SuiteRunnerWorker.runSuite(SuiteRunnerWorker.java:53)
at org.testng.SuiteRunnerWorker.run(SuiteRunnerWorker.java:96)
at org.testng.TestNG.runSuitesSequentially(TestNG.java:1180)
at org.testng.TestNG.runSuitesLocally(TestNG.java:1102)
at org.testng.TestNG.runSuites(TestNG.java:1032)
at org.testng.TestNG.run(TestNG.java:1000)
at org.apache.maven.surefire.testng.TestNGExecutor.run(TestNGExecutor.java:77)
at org.apache.maven.surefire.testng.TestNGDirectoryTestSuite.execute(TestNGDirectoryTestSuite.java:110)
at org.apache.maven.surefire.testng.TestNGProvider.invoke(TestNGProvider.java:106)
at java.base/jdk.internal.reflect.NativeMethodAccessorImpl.invoke0(Native Method)
at java.base/jdk.internal.reflect.NativeMethodAccessorImpl.invoke(NativeMethodAccessorImpl.java:62)
at java.base/jdk.internal.reflect.DelegatingMethodAccessorImpl.invoke(DelegatingMethodAccessorImpl.java:43)
at java.base/java.lang.reflect.Method.invoke(Method.java:567)
at org.apache.maven.surefire.util.ReflectionUtils.invokeMethodWithArray(ReflectionUtils.java:189)
at org.apache.maven.surefire.booter.ProviderFactory$ProviderProxy.invoke(ProviderFactory.java:165)
at org.apache.maven.surefire.booter.ProviderFactory.invokeProvider(ProviderFactory.java:85)
at org.apache.maven.surefire.booter.ForkedBooter.runSuitesInProcess(ForkedBooter.java:115)
at org.apache.maven.surefire.booter.ForkedBooter.main(ForkedBooter.java:75)
]]>
            </full-stacktrace>
          </exception> <!-- org.openqa.selenium.SessionNotCreatedException -->
          <reporter-output>
          </reporter-output>
        </test-method> <!-- TC_4 -->
        <test-method is-config="true" signature="bclose()[pri:0, instance:Maven.LoginTest@5fdba6f9]" started-at="2019-11-12T10:43:45 IST" name="bclose" finished-at="1970-01-01T05:30:00 IST" duration-ms="-1573535625508" status="SKIP">
          <reporter-output>
          </reporter-output>
        </test-method> <!-- bclose -->
        <test-method signature="TC_7()[pri:7, instance:Maven.LoginTest@5fdba6f9]" started-at="2019-11-12T10:43:45 IST" name="TC_7" finished-at="2019-11-12T10:43:45 IST" duration-ms="0" status="SKIP">
          <exception class="org.openqa.selenium.SessionNotCreatedException">
            <message>
              <![CDATA[session not created
from chrome not reachable
  (Session info: chrome=78.0.3904.97)
Build info: version: '4.0.0-alpha-3', revision: '8c567de6dc'
System info: host: 'SHIBU', ip: '192.168.0.101', os.name: 'Windows 10', os.arch: 'amd64', os.version: '10.0', java.version: '13.0.1'
Driver info: driver.version: ChromeDriver
remote stacktrace: Backtrace:
Ordinal0 [0x00FBEB13+1501971]
Ordinal0 [0x00F3F6D1+980689]
Ordinal0 [0x00EC7508+488712]
Ordinal0 [0x00EC131A+463642]
Ordinal0 [0x00EC19C8+465352]
Ordinal0 [0x00EC2AA5+469669]
Ordinal0 [0x00EBEC85+453765]
Ordinal0 [0x00EC8330+492336]
Ordinal0 [0x00E7A108+172296]
Ordinal0 [0x00E7942D+169005]
Ordinal0 [0x00E778EB+162027]
Ordinal0 [0x00E60AC7+68295]
Ordinal0 [0x00E61B40+72512]
Ordinal0 [0x00E61AD9+72409]
Ordinal0 [0x00F58F37+1085239]
GetHandleVerifier [0x0105D7ED+503293]
GetHandleVerifier [0x0105D580+502672]
GetHandleVerifier [0x010646AC+531644]
GetHandleVerifier [0x0105DFFA+505354]
Ordinal0 [0x00F50606+1050118]
Ordinal0 [0x00F5047F+1049727]
Ordinal0 [0x00F5AF9B+1093531]
Ordinal0 [0x00F5B103+1093891]
Ordinal0 [0x00F5A095+1089685]
BaseThreadInitThunk [0x76656359+25]
RtlGetAppContainerNamedObjectPath [0x77DF7B74+228]
RtlGetAppContainerNamedObjectPath [0x77DF7B44+180]
]]>
            </message>
            <full-stacktrace>
              <![CDATA[org.openqa.selenium.SessionNotCreatedException: session not created
from chrome not reachable
  (Session info: chrome=78.0.3904.97)
Build info: version: '4.0.0-alpha-3', revision: '8c567de6dc'
System info: host: 'SHIBU', ip: '192.168.0.101', os.name: 'Windows 10', os.arch: 'amd64', os.version: '10.0', java.version: '13.0.1'
Driver info: driver.version: ChromeDriver
remote stacktrace: Backtrace:
Ordinal0 [0x00FBEB13+1501971]
Ordinal0 [0x00F3F6D1+980689]
Ordinal0 [0x00EC7508+488712]
Ordinal0 [0x00EC131A+463642]
Ordinal0 [0x00EC19C8+465352]
Ordinal0 [0x00EC2AA5+469669]
Ordinal0 [0x00EBEC85+453765]
Ordinal0 [0x00EC8330+492336]
Ordinal0 [0x00E7A108+172296]
Ordinal0 [0x00E7942D+169005]
Ordinal0 [0x00E778EB+162027]
Ordinal0 [0x00E60AC7+68295]
Ordinal0 [0x00E61B40+72512]
Ordinal0 [0x00E61AD9+72409]
Ordinal0 [0x00F58F37+1085239]
GetHandleVerifier [0x0105D7ED+503293]
GetHandleVerifier [0x0105D580+502672]
GetHandleVerifier [0x010646AC+531644]
GetHandleVerifier [0x0105DFFA+505354]
Ordinal0 [0x00F50606+1050118]
Ordinal0 [0x00F5047F+1049727]
Ordinal0 [0x00F5AF9B+1093531]
Ordinal0 [0x00F5B103+1093891]
Ordinal0 [0x00F5A095+1089685]
BaseThreadInitThunk [0x76656359+25]
RtlGetAppContainerNamedObjectPath [0x77DF7B74+228]
RtlGetAppContainerNamedObjectPath [0x77DF7B44+180]

at java.base/jdk.internal.reflect.NativeConstructorAccessorImpl.newInstance0(Native Method)
at java.base/jdk.internal.reflect.NativeConstructorAccessorImpl.newInstance(NativeConstructorAccessorImpl.java:62)
at java.base/jdk.internal.reflect.DelegatingConstructorAccessorImpl.newInstance(DelegatingConstructorAccessorImpl.java:45)
at java.base/java.lang.reflect.Constructor.newInstanceWithCaller(Constructor.java:500)
at java.base/java.lang.reflect.Constructor.newInstance(Constructor.java:481)
at org.openqa.selenium.remote.W3CHandshakeResponse.lambda$errorHandler$0(W3CHandshakeResponse.java:62)
at org.openqa.selenium.remote.HandshakeResponse.lambda$getResponseFunction$0(HandshakeResponse.java:30)
at org.openqa.selenium.remote.ProtocolHandshake.lambda$createSession$1(ProtocolHandshake.java:127)
at java.base/java.util.stream.ReferencePipeline$3$1.accept(ReferencePipeline.java:195)
at java.base/java.util.Spliterators$ArraySpliterator.tryAdvance(Spliterators.java:958)
at java.base/java.util.stream.ReferencePipeline.forEachWithCancel(ReferencePipeline.java:127)
at java.base/java.util.stream.AbstractPipeline.copyIntoWithCancel(AbstractPipeline.java:502)
at java.base/java.util.stream.AbstractPipeline.copyInto(AbstractPipeline.java:488)
at java.base/java.util.stream.AbstractPipeline.wrapAndCopyInto(AbstractPipeline.java:474)
at java.base/java.util.stream.FindOps$FindOp.evaluateSequential(FindOps.java:150)
at java.base/java.util.stream.AbstractPipeline.evaluate(AbstractPipeline.java:234)
at java.base/java.util.stream.ReferencePipeline.findFirst(ReferencePipeline.java:543)
at org.openqa.selenium.remote.ProtocolHandshake.createSession(ProtocolHandshake.java:129)
at org.openqa.selenium.remote.ProtocolHandshake.createSession(ProtocolHandshake.java:75)
at org.openqa.selenium.remote.HttpCommandExecutor.execute(HttpCommandExecutor.java:139)
at org.openqa.selenium.remote.service.DriverCommandExecutor.execute(DriverCommandExecutor.java:83)
at org.openqa.selenium.remote.RemoteWebDriver.execute(RemoteWebDriver.java:576)
at org.openqa.selenium.remote.RemoteWebDriver.startSession(RemoteWebDriver.java:210)
at org.openqa.selenium.remote.RemoteWebDriver.<init>(RemoteWebDriver.java:130)
at org.openqa.selenium.chromium.ChromiumDriver.<init>(ChromiumDriver.java:75)
at org.openqa.selenium.chrome.ChromeDriver.<init>(ChromeDriver.java:163)
at org.openqa.selenium.chrome.ChromeDriver.<init>(ChromeDriver.java:150)
at org.openqa.selenium.chrome.ChromeDriver.<init>(ChromeDriver.java:105)
at Maven.LoginTest.b(LoginTest.java:109)
at java.base/jdk.internal.reflect.NativeMethodAccessorImpl.invoke0(Native Method)
at java.base/jdk.internal.reflect.NativeMethodAccessorImpl.invoke(NativeMethodAccessorImpl.java:62)
at java.base/jdk.internal.reflect.DelegatingMethodAccessorImpl.invoke(DelegatingMethodAccessorImpl.java:43)
at java.base/java.lang.reflect.Method.invoke(Method.java:567)
at org.testng.internal.MethodInvocationHelper.invokeMethod(MethodInvocationHelper.java:133)
at org.testng.internal.MethodInvocationHelper.invokeMethodConsideringTimeout(MethodInvocationHelper.java:62)
at org.testng.internal.ConfigInvoker.invokeConfigurationMethod(ConfigInvoker.java:340)
at org.testng.internal.ConfigInvoker.invokeConfigurations(ConfigInvoker.java:294)
at org.testng.internal.TestInvoker.runConfigMethods(TestInvoker.java:683)
at org.testng.internal.TestInvoker.invokeMethod(TestInvoker.java:510)
at org.testng.internal.TestInvoker.invokeTestMethod(TestInvoker.java:172)
at org.testng.internal.MethodRunner.runInSequence(MethodRunner.java:46)
at org.testng.internal.TestInvoker$MethodInvocationAgent.invoke(TestInvoker.java:804)
at org.testng.internal.TestInvoker.invokeTestMethods(TestInvoker.java:145)
at org.testng.internal.TestMethodWorker.invokeTestMethods(TestMethodWorker.java:146)
at org.testng.internal.TestMethodWorker.run(TestMethodWorker.java:128)
at java.base/java.util.ArrayList.forEach(ArrayList.java:1507)
at org.testng.TestRunner.privateRun(TestRunner.java:770)
at org.testng.TestRunner.run(TestRunner.java:591)
at org.testng.SuiteRunner.runTest(SuiteRunner.java:402)
at org.testng.SuiteRunner.runSequentially(SuiteRunner.java:396)
at org.testng.SuiteRunner.privateRun(SuiteRunner.java:355)
at org.testng.SuiteRunner.run(SuiteRunner.java:304)
at org.testng.SuiteRunnerWorker.runSuite(SuiteRunnerWorker.java:53)
at org.testng.SuiteRunnerWorker.run(SuiteRunnerWorker.java:96)
at org.testng.TestNG.runSuitesSequentially(TestNG.java:1180)
at org.testng.TestNG.runSuitesLocally(TestNG.java:1102)
at org.testng.TestNG.runSuites(TestNG.java:1032)
at org.testng.TestNG.run(TestNG.java:1000)
at org.apache.maven.surefire.testng.TestNGExecutor.run(TestNGExecutor.java:77)
at org.apache.maven.surefire.testng.TestNGDirectoryTestSuite.execute(TestNGDirectoryTestSuite.java:110)
at org.apache.maven.surefire.testng.TestNGProvider.invoke(TestNGProvider.java:106)
at java.base/jdk.internal.reflect.NativeMethodAccessorImpl.invoke0(Native Method)
at java.base/jdk.internal.reflect.NativeMethodAccessorImpl.invoke(NativeMethodAccessorImpl.java:62)
at java.base/jdk.internal.reflect.DelegatingMethodAccessorImpl.invoke(DelegatingMethodAccessorImpl.java:43)
at java.base/java.lang.reflect.Method.invoke(Method.java:567)
at org.apache.maven.surefire.util.ReflectionUtils.invokeMethodWithArray(ReflectionUtils.java:189)
at org.apache.maven.surefire.booter.ProviderFactory$ProviderProxy.invoke(ProviderFactory.java:165)
at org.apache.maven.surefire.booter.ProviderFactory.invokeProvider(ProviderFactory.java:85)
at org.apache.maven.surefire.booter.ForkedBooter.runSuitesInProcess(ForkedBooter.java:115)
at org.apache.maven.surefire.booter.ForkedBooter.main(ForkedBooter.java:75)
]]>
            </full-stacktrace>
          </exception> <!-- org.openqa.selenium.SessionNotCreatedException -->
          <reporter-output>
          </reporter-output>
        </test-method> <!-- TC_7 -->
        <test-method is-config="true" signature="bclose()[pri:0, instance:Maven.LoginTest@5fdba6f9]" started-at="2019-11-12T10:43:45 IST" name="bclose" finished-at="1970-01-01T05:30:00 IST" duration-ms="-1573535625508" status="SKIP">
          <reporter-output>
          </reporter-output>
        </test-method> <!-- bclose -->
        <test-method is-config="true" signature="bclose()[pri:0, instance:Maven.LoginTest@5fdba6f9]" started-at="2019-11-12T10:43:45 IST" name="bclose" finished-at="1970-01-01T05:30:00 IST" duration-ms="-1573535625508" status="SKIP">
          <reporter-output>
          </reporter-output>
        </test-method> <!-- bclose -->
        <test-method signature="TC_8()[pri:8, instance:Maven.LoginTest@5fdba6f9]" started-at="2019-11-12T10:43:45 IST" name="TC_8" finished-at="2019-11-12T10:43:45 IST" duration-ms="0" status="SKIP">
          <exception class="org.openqa.selenium.SessionNotCreatedException">
            <message>
              <![CDATA[session not created
from chrome not reachable
  (Session info: chrome=78.0.3904.97)
Build info: version: '4.0.0-alpha-3', revision: '8c567de6dc'
System info: host: 'SHIBU', ip: '192.168.0.101', os.name: 'Windows 10', os.arch: 'amd64', os.version: '10.0', java.version: '13.0.1'
Driver info: driver.version: ChromeDriver
remote stacktrace: Backtrace:
Ordinal0 [0x00FBEB13+1501971]
Ordinal0 [0x00F3F6D1+980689]
Ordinal0 [0x00EC7508+488712]
Ordinal0 [0x00EC131A+463642]
Ordinal0 [0x00EC19C8+465352]
Ordinal0 [0x00EC2AA5+469669]
Ordinal0 [0x00EBEC85+453765]
Ordinal0 [0x00EC8330+492336]
Ordinal0 [0x00E7A108+172296]
Ordinal0 [0x00E7942D+169005]
Ordinal0 [0x00E778EB+162027]
Ordinal0 [0x00E60AC7+68295]
Ordinal0 [0x00E61B40+72512]
Ordinal0 [0x00E61AD9+72409]
Ordinal0 [0x00F58F37+1085239]
GetHandleVerifier [0x0105D7ED+503293]
GetHandleVerifier [0x0105D580+502672]
GetHandleVerifier [0x010646AC+531644]
GetHandleVerifier [0x0105DFFA+505354]
Ordinal0 [0x00F50606+1050118]
Ordinal0 [0x00F5047F+1049727]
Ordinal0 [0x00F5AF9B+1093531]
Ordinal0 [0x00F5B103+1093891]
Ordinal0 [0x00F5A095+1089685]
BaseThreadInitThunk [0x76656359+25]
RtlGetAppContainerNamedObjectPath [0x77DF7B74+228]
RtlGetAppContainerNamedObjectPath [0x77DF7B44+180]
]]>
            </message>
            <full-stacktrace>
              <![CDATA[org.openqa.selenium.SessionNotCreatedException: session not created
from chrome not reachable
  (Session info: chrome=78.0.3904.97)
Build info: version: '4.0.0-alpha-3', revision: '8c567de6dc'
System info: host: 'SHIBU', ip: '192.168.0.101', os.name: 'Windows 10', os.arch: 'amd64', os.version: '10.0', java.version: '13.0.1'
Driver info: driver.version: ChromeDriver
remote stacktrace: Backtrace:
Ordinal0 [0x00FBEB13+1501971]
Ordinal0 [0x00F3F6D1+980689]
Ordinal0 [0x00EC7508+488712]
Ordinal0 [0x00EC131A+463642]
Ordinal0 [0x00EC19C8+465352]
Ordinal0 [0x00EC2AA5+469669]
Ordinal0 [0x00EBEC85+453765]
Ordinal0 [0x00EC8330+492336]
Ordinal0 [0x00E7A108+172296]
Ordinal0 [0x00E7942D+169005]
Ordinal0 [0x00E778EB+162027]
Ordinal0 [0x00E60AC7+68295]
Ordinal0 [0x00E61B40+72512]
Ordinal0 [0x00E61AD9+72409]
Ordinal0 [0x00F58F37+1085239]
GetHandleVerifier [0x0105D7ED+503293]
GetHandleVerifier [0x0105D580+502672]
GetHandleVerifier [0x010646AC+531644]
GetHandleVerifier [0x0105DFFA+505354]
Ordinal0 [0x00F50606+1050118]
Ordinal0 [0x00F5047F+1049727]
Ordinal0 [0x00F5AF9B+1093531]
Ordinal0 [0x00F5B103+1093891]
Ordinal0 [0x00F5A095+1089685]
BaseThreadInitThunk [0x76656359+25]
RtlGetAppContainerNamedObjectPath [0x77DF7B74+228]
RtlGetAppContainerNamedObjectPath [0x77DF7B44+180]

at java.base/jdk.internal.reflect.NativeConstructorAccessorImpl.newInstance0(Native Method)
at java.base/jdk.internal.reflect.NativeConstructorAccessorImpl.newInstance(NativeConstructorAccessorImpl.java:62)
at java.base/jdk.internal.reflect.DelegatingConstructorAccessorImpl.newInstance(DelegatingConstructorAccessorImpl.java:45)
at java.base/java.lang.reflect.Constructor.newInstanceWithCaller(Constructor.java:500)
at java.base/java.lang.reflect.Constructor.newInstance(Constructor.java:481)
at org.openqa.selenium.remote.W3CHandshakeResponse.lambda$errorHandler$0(W3CHandshakeResponse.java:62)
at org.openqa.selenium.remote.HandshakeResponse.lambda$getResponseFunction$0(HandshakeResponse.java:30)
at org.openqa.selenium.remote.ProtocolHandshake.lambda$createSession$1(ProtocolHandshake.java:127)
at java.base/java.util.stream.ReferencePipeline$3$1.accept(ReferencePipeline.java:195)
at java.base/java.util.Spliterators$ArraySpliterator.tryAdvance(Spliterators.java:958)
at java.base/java.util.stream.ReferencePipeline.forEachWithCancel(ReferencePipeline.java:127)
at java.base/java.util.stream.AbstractPipeline.copyIntoWithCancel(AbstractPipeline.java:502)
at java.base/java.util.stream.AbstractPipeline.copyInto(AbstractPipeline.java:488)
at java.base/java.util.stream.AbstractPipeline.wrapAndCopyInto(AbstractPipeline.java:474)
at java.base/java.util.stream.FindOps$FindOp.evaluateSequential(FindOps.java:150)
at java.base/java.util.stream.AbstractPipeline.evaluate(AbstractPipeline.java:234)
at java.base/java.util.stream.ReferencePipeline.findFirst(ReferencePipeline.java:543)
at org.openqa.selenium.remote.ProtocolHandshake.createSession(ProtocolHandshake.java:129)
at org.openqa.selenium.remote.ProtocolHandshake.createSession(ProtocolHandshake.java:75)
at org.openqa.selenium.remote.HttpCommandExecutor.execute(HttpCommandExecutor.java:139)
at org.openqa.selenium.remote.service.DriverCommandExecutor.execute(DriverCommandExecutor.java:83)
at org.openqa.selenium.remote.RemoteWebDriver.execute(RemoteWebDriver.java:576)
at org.openqa.selenium.remote.RemoteWebDriver.startSession(RemoteWebDriver.java:210)
at org.openqa.selenium.remote.RemoteWebDriver.<init>(RemoteWebDriver.java:130)
at org.openqa.selenium.chromium.ChromiumDriver.<init>(ChromiumDriver.java:75)
at org.openqa.selenium.chrome.ChromeDriver.<init>(ChromeDriver.java:163)
at org.openqa.selenium.chrome.ChromeDriver.<init>(ChromeDriver.java:150)
at org.openqa.selenium.chrome.ChromeDriver.<init>(ChromeDriver.java:105)
at Maven.LoginTest.b(LoginTest.java:109)
at java.base/jdk.internal.reflect.NativeMethodAccessorImpl.invoke0(Native Method)
at java.base/jdk.internal.reflect.NativeMethodAccessorImpl.invoke(NativeMethodAccessorImpl.java:62)
at java.base/jdk.internal.reflect.DelegatingMethodAccessorImpl.invoke(DelegatingMethodAccessorImpl.java:43)
at java.base/java.lang.reflect.Method.invoke(Method.java:567)
at org.testng.internal.MethodInvocationHelper.invokeMethod(MethodInvocationHelper.java:133)
at org.testng.internal.MethodInvocationHelper.invokeMethodConsideringTimeout(MethodInvocationHelper.java:62)
at org.testng.internal.ConfigInvoker.invokeConfigurationMethod(ConfigInvoker.java:340)
at org.testng.internal.ConfigInvoker.invokeConfigurations(ConfigInvoker.java:294)
at org.testng.internal.TestInvoker.runConfigMethods(TestInvoker.java:683)
at org.testng.internal.TestInvoker.invokeMethod(TestInvoker.java:510)
at org.testng.internal.TestInvoker.invokeTestMethod(TestInvoker.java:172)
at org.testng.internal.MethodRunner.runInSequence(MethodRunner.java:46)
at org.testng.internal.TestInvoker$MethodInvocationAgent.invoke(TestInvoker.java:804)
at org.testng.internal.TestInvoker.invokeTestMethods(TestInvoker.java:145)
at org.testng.internal.TestMethodWorker.invokeTestMethods(TestMethodWorker.java:146)
at org.testng.internal.TestMethodWorker.run(TestMethodWorker.java:128)
at java.base/java.util.ArrayList.forEach(ArrayList.java:1507)
at org.testng.TestRunner.privateRun(TestRunner.java:770)
at org.testng.TestRunner.run(TestRunner.java:591)
at org.testng.SuiteRunner.runTest(SuiteRunner.java:402)
at org.testng.SuiteRunner.runSequentially(SuiteRunner.java:396)
at org.testng.SuiteRunner.privateRun(SuiteRunner.java:355)
at org.testng.SuiteRunner.run(SuiteRunner.java:304)
at org.testng.SuiteRunnerWorker.runSuite(SuiteRunnerWorker.java:53)
at org.testng.SuiteRunnerWorker.run(SuiteRunnerWorker.java:96)
at org.testng.TestNG.runSuitesSequentially(TestNG.java:1180)
at org.testng.TestNG.runSuitesLocally(TestNG.java:1102)
at org.testng.TestNG.runSuites(TestNG.java:1032)
at org.testng.TestNG.run(TestNG.java:1000)
at org.apache.maven.surefire.testng.TestNGExecutor.run(TestNGExecutor.java:77)
at org.apache.maven.surefire.testng.TestNGDirectoryTestSuite.execute(TestNGDirectoryTestSuite.java:110)
at org.apache.maven.surefire.testng.TestNGProvider.invoke(TestNGProvider.java:106)
at java.base/jdk.internal.reflect.NativeMethodAccessorImpl.invoke0(Native Method)
at java.base/jdk.internal.reflect.NativeMethodAccessorImpl.invoke(NativeMethodAccessorImpl.java:62)
at java.base/jdk.internal.reflect.DelegatingMethodAccessorImpl.invoke(DelegatingMethodAccessorImpl.java:43)
at java.base/java.lang.reflect.Method.invoke(Method.java:567)
at org.apache.maven.surefire.util.ReflectionUtils.invokeMethodWithArray(ReflectionUtils.java:189)
at org.apache.maven.surefire.booter.ProviderFactory$ProviderProxy.invoke(ProviderFactory.java:165)
at org.apache.maven.surefire.booter.ProviderFactory.invokeProvider(ProviderFactory.java:85)
at org.apache.maven.surefire.booter.ForkedBooter.runSuitesInProcess(ForkedBooter.java:115)
at org.apache.maven.surefire.booter.ForkedBooter.main(ForkedBooter.java:75)
]]>
            </full-stacktrace>
          </exception> <!-- org.openqa.selenium.SessionNotCreatedException -->
          <reporter-output>
          </reporter-output>
        </test-method> <!-- TC_8 -->
        <test-method is-config="true" signature="b()[pri:0, instance:Maven.LoginTest@5fdba6f9]" started-at="2019-11-12T10:43:45 IST" name="b" finished-at="1970-01-01T05:30:00 IST" duration-ms="-1573535625508" status="SKIP">
          <reporter-output>
          </reporter-output>
        </test-method> <!-- b -->
        <test-method is-config="true" signature="b()[pri:0, instance:Maven.LoginTest@5fdba6f9]" started-at="2019-11-12T10:43:45 IST" name="b" finished-at="1970-01-01T05:30:00 IST" duration-ms="-1573535625508" status="SKIP">
          <reporter-output>
          </reporter-output>
        </test-method> <!-- b -->
      </class> <!-- Maven.LoginTest -->
    </test> <!-- Command line test -->
  </suite> <!-- Maven.LoginTest -->
</testng-results>
