<?xml version="1.0" encoding="UTF-8"?>
<!-- Generated by org.testng.reporters.JUnitReportReporter -->
<testsuite hostname="Shibu" failures="0" tests="9" name="Maven.LoginTest" time="51.812" errors="1" timestamp="2019-11-12T10:43:45 IST" skipped="6">
  <testcase classname="Maven.LoginTest" name="b" time="27.439">
    <error message="session not created
from chrome not reachable
  (Session info: chrome=78.0.3904.97)
Build info: version: &#039;4.0.0-alpha-3&#039;, revision: &#039;8c567de6dc&#039;
System info: host: &#039;SHIBU&#039;, ip: &#039;192.168.0.101&#039;, os.name: &#039;Windows 10&#039;, os.arch: &#039;amd64&#039;, os.version: &#039;10.0&#039;, java.version: &#039;13.0.1&#039;
Driver info: driver.version: ChromeDriver
remote stacktrace: Backtrace:
	Ordinal0 [0x00FBEB13+1501971]
	Ordinal0 [0x00F3F6D1+980689]
	Ordinal0 [0x00EC7508+488712]
	Ordinal0 [0x00EC131A+463642]
	Ordinal0 [0x00EC19C8+465352]
	Ordinal0 [0x00EC2AA5+469669]
	Ordinal0 [0x00EBEC85+453765]
	Ordinal0 [0x00EC8330+492336]
	Ordinal0 [0x00E7A108+172296]
	Ordinal0 [0x00E7942D+169005]
	Ordinal0 [0x00E778EB+162027]
	Ordinal0 [0x00E60AC7+68295]
	Ordinal0 [0x00E61B40+72512]
	Ordinal0 [0x00E61AD9+72409]
	Ordinal0 [0x00F58F37+1085239]
	GetHandleVerifier [0x0105D7ED+503293]
	GetHandleVerifier [0x0105D580+502672]
	GetHandleVerifier [0x010646AC+531644]
	GetHandleVerifier [0x0105DFFA+505354]
	Ordinal0 [0x00F50606+1050118]
	Ordinal0 [0x00F5047F+1049727]
	Ordinal0 [0x00F5AF9B+1093531]
	Ordinal0 [0x00F5B103+1093891]
	Ordinal0 [0x00F5A095+1089685]
	BaseThreadInitThunk [0x76656359+25]
	RtlGetAppContainerNamedObjectPath [0x77DF7B74+228]
	RtlGetAppContainerNamedObjectPath [0x77DF7B44+180]
" type="org.openqa.selenium.SessionNotCreatedException">
      <![CDATA[org.openqa.selenium.SessionNotCreatedException: session not created
from chrome not reachable
  (Session info: chrome=78.0.3904.97)
Build info: version: '4.0.0-alpha-3', revision: '8c567de6dc'
System info: host: 'SHIBU', ip: '192.168.0.101', os.name: 'Windows 10', os.arch: 'amd64', os.version: '10.0', java.version: '13.0.1'
Driver info: driver.version: ChromeDriver
remote stacktrace: Backtrace:
Ordinal0 [0x00FBEB13+1501971]
Ordinal0 [0x00F3F6D1+980689]
Ordinal0 [0x00EC7508+488712]
Ordinal0 [0x00EC131A+463642]
Ordinal0 [0x00EC19C8+465352]
Ordinal0 [0x00EC2AA5+469669]
Ordinal0 [0x00EBEC85+453765]
Ordinal0 [0x00EC8330+492336]
Ordinal0 [0x00E7A108+172296]
Ordinal0 [0x00E7942D+169005]
Ordinal0 [0x00E778EB+162027]
Ordinal0 [0x00E60AC7+68295]
Ordinal0 [0x00E61B40+72512]
Ordinal0 [0x00E61AD9+72409]
Ordinal0 [0x00F58F37+1085239]
GetHandleVerifier [0x0105D7ED+503293]
GetHandleVerifier [0x0105D580+502672]
GetHandleVerifier [0x010646AC+531644]
GetHandleVerifier [0x0105DFFA+505354]
Ordinal0 [0x00F50606+1050118]
Ordinal0 [0x00F5047F+1049727]
Ordinal0 [0x00F5AF9B+1093531]
Ordinal0 [0x00F5B103+1093891]
Ordinal0 [0x00F5A095+1089685]
BaseThreadInitThunk [0x76656359+25]
RtlGetAppContainerNamedObjectPath [0x77DF7B74+228]
RtlGetAppContainerNamedObjectPath [0x77DF7B44+180]

at java.base/jdk.internal.reflect.NativeConstructorAccessorImpl.newInstance0(Native Method)
at java.base/jdk.internal.reflect.NativeConstructorAccessorImpl.newInstance(NativeConstructorAccessorImpl.java:62)
at java.base/jdk.internal.reflect.DelegatingConstructorAccessorImpl.newInstance(DelegatingConstructorAccessorImpl.java:45)
at java.base/java.lang.reflect.Constructor.newInstanceWithCaller(Constructor.java:500)
at java.base/java.lang.reflect.Constructor.newInstance(Constructor.java:481)
at org.openqa.selenium.remote.W3CHandshakeResponse.lambda$errorHandler$0(W3CHandshakeResponse.java:62)
at org.openqa.selenium.remote.HandshakeResponse.lambda$getResponseFunction$0(HandshakeResponse.java:30)
at org.openqa.selenium.remote.ProtocolHandshake.lambda$createSession$1(ProtocolHandshake.java:127)
at java.base/java.util.stream.ReferencePipeline$3$1.accept(ReferencePipeline.java:195)
at java.base/java.util.Spliterators$ArraySpliterator.tryAdvance(Spliterators.java:958)
at java.base/java.util.stream.ReferencePipeline.forEachWithCancel(ReferencePipeline.java:127)
at java.base/java.util.stream.AbstractPipeline.copyIntoWithCancel(AbstractPipeline.java:502)
at java.base/java.util.stream.AbstractPipeline.copyInto(AbstractPipeline.java:488)
at java.base/java.util.stream.AbstractPipeline.wrapAndCopyInto(AbstractPipeline.java:474)
at java.base/java.util.stream.FindOps$FindOp.evaluateSequential(FindOps.java:150)
at java.base/java.util.stream.AbstractPipeline.evaluate(AbstractPipeline.java:234)
at java.base/java.util.stream.ReferencePipeline.findFirst(ReferencePipeline.java:543)
at org.openqa.selenium.remote.ProtocolHandshake.createSession(ProtocolHandshake.java:129)
at org.openqa.selenium.remote.ProtocolHandshake.createSession(ProtocolHandshake.java:75)
at org.openqa.selenium.remote.HttpCommandExecutor.execute(HttpCommandExecutor.java:139)
at org.openqa.selenium.remote.service.DriverCommandExecutor.execute(DriverCommandExecutor.java:83)
at org.openqa.selenium.remote.RemoteWebDriver.execute(RemoteWebDriver.java:576)
at org.openqa.selenium.remote.RemoteWebDriver.startSession(RemoteWebDriver.java:210)
at org.openqa.selenium.remote.RemoteWebDriver.<init>(RemoteWebDriver.java:130)
at org.openqa.selenium.chromium.ChromiumDriver.<init>(ChromiumDriver.java:75)
at org.openqa.selenium.chrome.ChromeDriver.<init>(ChromeDriver.java:163)
at org.openqa.selenium.chrome.ChromeDriver.<init>(ChromeDriver.java:150)
at org.openqa.selenium.chrome.ChromeDriver.<init>(ChromeDriver.java:105)
at Maven.LoginTest.b(LoginTest.java:109)
at java.base/jdk.internal.reflect.NativeMethodAccessorImpl.invoke0(Native Method)
at java.base/jdk.internal.reflect.NativeMethodAccessorImpl.invoke(NativeMethodAccessorImpl.java:62)
at java.base/jdk.internal.reflect.DelegatingMethodAccessorImpl.invoke(DelegatingMethodAccessorImpl.java:43)
at java.base/java.lang.reflect.Method.invoke(Method.java:567)
at org.testng.internal.MethodInvocationHelper.invokeMethod(MethodInvocationHelper.java:133)
at org.testng.internal.MethodInvocationHelper.invokeMethodConsideringTimeout(MethodInvocationHelper.java:62)
at org.testng.internal.ConfigInvoker.invokeConfigurationMethod(ConfigInvoker.java:340)
at org.testng.internal.ConfigInvoker.invokeConfigurations(ConfigInvoker.java:294)
at org.testng.internal.TestInvoker.runConfigMethods(TestInvoker.java:683)
at org.testng.internal.TestInvoker.invokeMethod(TestInvoker.java:510)
at org.testng.internal.TestInvoker.invokeTestMethod(TestInvoker.java:172)
at org.testng.internal.MethodRunner.runInSequence(MethodRunner.java:46)
at org.testng.internal.TestInvoker$MethodInvocationAgent.invoke(TestInvoker.java:804)
at org.testng.internal.TestInvoker.invokeTestMethods(TestInvoker.java:145)
at org.testng.internal.TestMethodWorker.invokeTestMethods(TestMethodWorker.java:146)
at org.testng.internal.TestMethodWorker.run(TestMethodWorker.java:128)
at java.base/java.util.ArrayList.forEach(ArrayList.java:1507)
at org.testng.TestRunner.privateRun(TestRunner.java:770)
at org.testng.TestRunner.run(TestRunner.java:591)
at org.testng.SuiteRunner.runTest(SuiteRunner.java:402)
at org.testng.SuiteRunner.runSequentially(SuiteRunner.java:396)
at org.testng.SuiteRunner.privateRun(SuiteRunner.java:355)
at org.testng.SuiteRunner.run(SuiteRunner.java:304)
at org.testng.SuiteRunnerWorker.runSuite(SuiteRunnerWorker.java:53)
at org.testng.SuiteRunnerWorker.run(SuiteRunnerWorker.java:96)
at org.testng.TestNG.runSuitesSequentially(TestNG.java:1180)
at org.testng.TestNG.runSuitesLocally(TestNG.java:1102)
at org.testng.TestNG.runSuites(TestNG.java:1032)
at org.testng.TestNG.run(TestNG.java:1000)
at org.apache.maven.surefire.testng.TestNGExecutor.run(TestNGExecutor.java:77)
at org.apache.maven.surefire.testng.TestNGDirectoryTestSuite.execute(TestNGDirectoryTestSuite.java:110)
at org.apache.maven.surefire.testng.TestNGProvider.invoke(TestNGProvider.java:106)
at java.base/jdk.internal.reflect.NativeMethodAccessorImpl.invoke0(Native Method)
at java.base/jdk.internal.reflect.NativeMethodAccessorImpl.invoke(NativeMethodAccessorImpl.java:62)
at java.base/jdk.internal.reflect.DelegatingMethodAccessorImpl.invoke(DelegatingMethodAccessorImpl.java:43)
at java.base/java.lang.reflect.Method.invoke(Method.java:567)
at org.apache.maven.surefire.util.ReflectionUtils.invokeMethodWithArray(ReflectionUtils.java:189)
at org.apache.maven.surefire.booter.ProviderFactory$ProviderProxy.invoke(ProviderFactory.java:165)
at org.apache.maven.surefire.booter.ProviderFactory.invokeProvider(ProviderFactory.java:85)
at org.apache.maven.surefire.booter.ForkedBooter.runSuitesInProcess(ForkedBooter.java:115)
at org.apache.maven.surefire.booter.ForkedBooter.main(ForkedBooter.java:75)
]]>
    </error>
  </testcase> <!-- b -->
  <testcase classname="Maven.LoginTest" name="TC_1" time="19.074"/>
  <testcase classname="Maven.LoginTest" name="TC_2" time="5.299"/>
  <testcase classname="Maven.LoginTest" name="TC_3" time="0.000">
    <skipped/>
  </testcase> <!-- TC_3 -->
  <testcase classname="Maven.LoginTest" name="TC_4" time="0.000">
    <skipped/>
  </testcase> <!-- TC_4 -->
  <testcase classname="Maven.LoginTest" name="TC_5" time="0.000">
    <skipped/>
  </testcase> <!-- TC_5 -->
  <testcase classname="Maven.LoginTest" name="TC_6" time="0.000">
    <skipped/>
  </testcase> <!-- TC_6 -->
  <testcase classname="Maven.LoginTest" name="TC_7" time="0.000">
    <skipped/>
  </testcase> <!-- TC_7 -->
  <testcase classname="Maven.LoginTest" name="TC_8" time="0.000">
    <skipped/>
  </testcase> <!-- TC_8 -->
</testsuite> <!-- Maven.LoginTest -->
